[2024-11-25 19:47:54,718: DEBUG/MainProcess] | Worker: Preparing bootsteps.
[2024-11-25 19:47:54,727: DEBUG/MainProcess] | Worker: Building graph...
[2024-11-25 19:47:54,728: DEBUG/MainProcess] | Worker: New boot order: {Timer, Hub, Pool, Autoscaler, Beat, StateDB, Consumer}
[2024-11-25 19:47:54,752: DEBUG/MainProcess] | Consumer: Preparing bootsteps.
[2024-11-25 19:47:54,753: DEBUG/MainProcess] | Consumer: Building graph...
[2024-11-25 19:47:54,778: DEBUG/MainProcess] | Consumer: New boot order: {Connection, Events, Mingle, Gossip, Heart, Agent, Tasks, Control, event loop}
[2024-11-25 19:47:54,829: DEBUG/MainProcess] | Worker: Starting Pool
[2024-11-25 19:47:54,929: DEBUG/MainProcess] ^-- substep ok
[2024-11-25 19:47:54,929: DEBUG/MainProcess] | Worker: Starting Consumer
[2024-11-25 19:47:54,929: DEBUG/MainProcess] | Consumer: Starting Connection
[2024-11-25 19:47:54,953: WARNING/MainProcess] C:\Users\Mercy\movieapi\env\Lib\site-packages\celery\worker\consumer\consumer.py:508: CPendingDeprecationWarning: The broker_connection_retry configuration setting will no longer determine
whether broker connection retries are made during startup in Celery 6.0 and above.
If you wish to retain the existing behavior for retrying connections on startup,
you should set broker_connection_retry_on_startup to True.
  warnings.warn(

[2024-11-25 19:47:54,961: INFO/MainProcess] Connected to redis://localhost:6379/0
[2024-11-25 19:47:54,961: DEBUG/MainProcess] ^-- substep ok
[2024-11-25 19:47:54,961: DEBUG/MainProcess] | Consumer: Starting Events
[2024-11-25 19:47:54,969: WARNING/MainProcess] C:\Users\Mercy\movieapi\env\Lib\site-packages\celery\worker\consumer\consumer.py:508: CPendingDeprecationWarning: The broker_connection_retry configuration setting will no longer determine
whether broker connection retries are made during startup in Celery 6.0 and above.
If you wish to retain the existing behavior for retrying connections on startup,
you should set broker_connection_retry_on_startup to True.
  warnings.warn(

[2024-11-25 19:47:54,970: DEBUG/MainProcess] ^-- substep ok
[2024-11-25 19:47:54,970: DEBUG/MainProcess] | Consumer: Starting Mingle
[2024-11-25 19:47:54,970: INFO/MainProcess] mingle: searching for neighbors
[2024-11-25 19:47:56,000: INFO/SpawnPoolWorker-1] child process 23144 calling self.run()
[2024-11-25 19:47:56,004: INFO/MainProcess] mingle: all alone
[2024-11-25 19:47:56,004: DEBUG/MainProcess] ^-- substep ok
[2024-11-25 19:47:56,008: DEBUG/MainProcess] | Consumer: Starting Gossip
[2024-11-25 19:47:56,014: DEBUG/MainProcess] Timer wake-up! Next ETA 1.0 secs.
[2024-11-25 19:47:56,014: INFO/SpawnPoolWorker-5] child process 16668 calling self.run()
[2024-11-25 19:47:56,014: INFO/SpawnPoolWorker-2] child process 24560 calling self.run()
[2024-11-25 19:47:56,014: DEBUG/MainProcess] ^-- substep ok
[2024-11-25 19:47:56,014: DEBUG/MainProcess] | Consumer: Starting Heart
[2024-11-25 19:47:56,021: DEBUG/MainProcess] ^-- substep ok
[2024-11-25 19:47:56,021: DEBUG/MainProcess] | Consumer: Starting Tasks
[2024-11-25 19:47:56,026: INFO/SpawnPoolWorker-4] child process 9356 calling self.run()
[2024-11-25 19:47:56,026: DEBUG/MainProcess] ^-- substep ok
[2024-11-25 19:47:56,026: INFO/SpawnPoolWorker-7] child process 3448 calling self.run()
[2024-11-25 19:47:56,036: DEBUG/MainProcess] ^-- substep ok
[2024-11-25 19:47:56,036: DEBUG/MainProcess] | Consumer: Starting event loop
[2024-11-25 19:47:56,036: INFO/MainProcess] celery@Mercy-DESKTOP-2S9KQHH ready.
[2024-11-25 19:47:56,075: INFO/SpawnPoolWorker-6] child process 19924 calling self.run()
[2024-11-25 19:47:56,097: INFO/SpawnPoolWorker-3] child process 15176 calling self.run()
[2024-11-25 19:47:56,100: INFO/SpawnPoolWorker-8] child process 22168 calling self.run()
[2024-11-25 19:47:56,164: INFO/MainProcess] Task movies.tasks.fetch_and_store_movies[98a4aa88-77cd-4ba4-845a-50e71265c166] received
[2024-11-25 19:47:56,164: DEBUG/MainProcess] TaskPool: Apply <function fast_trace_task at 0x000001AABE8858A0> (args:('movies.tasks.fetch_and_store_movies', '98a4aa88-77cd-4ba4-845a-50e71265c166', {'lang': 'py', 'task': 'movies.tasks.fetch_and_store_movies', 'id': '98a4aa88-77cd-4ba4-845a-50e71265c166', 'shadow': None, 'eta': None, 'expires': None, 'group': None, 'group_index': None, 'retries': 0, 'timelimit': [None, None], 'root_id': '98a4aa88-77cd-4ba4-845a-50e71265c166', 'parent_id': None, 'argsrepr': '()', 'kwargsrepr': "{'page': 1}", 'origin': 'gen12136@Mercy-DESKTOP-2S9KQHH', 'ignore_result': False, 'replaced_task_nesting': 0, 'stamped_headers': None, 'stamps': {}, 'redelivered': True, 'properties': {'correlation_id': '98a4aa88-77cd-4ba4-845a-50e71265c166', 'reply_to': 'cafa57ec-fd3b-36c3-b5be-daf6438856cb', 'delivery_mode': 2, 'delivery_info': {'exchange': '', 'routing_key': 'celery', 'redelivered': True}, 'priority': 0, 'body_encoding': 'base64', 'delivery_tag': 'bc0cb8ed-61fb-4a48-a5cc-aae4ebea3e29'}, 'reply_to': 'cafa57ec-fd3b-36c3-b5be-daf6438856cb', 'correlation_id': '98a4aa88-77cd-4ba4-845a-50e71265c166',... kwargs:{})
[2024-11-25 19:47:56,168: INFO/MainProcess] Task movies.tasks.fetch_and_store_movies[bb7f96da-6314-45d8-8412-f6402f936165] received
[2024-11-25 19:47:56,168: DEBUG/MainProcess] TaskPool: Apply <function fast_trace_task at 0x000001AABE8858A0> (args:('movies.tasks.fetch_and_store_movies', 'bb7f96da-6314-45d8-8412-f6402f936165', {'lang': 'py', 'task': 'movies.tasks.fetch_and_store_movies', 'id': 'bb7f96da-6314-45d8-8412-f6402f936165', 'shadow': None, 'eta': None, 'expires': None, 'group': None, 'group_index': None, 'retries': 0, 'timelimit': [None, None], 'root_id': 'bb7f96da-6314-45d8-8412-f6402f936165', 'parent_id': None, 'argsrepr': '()', 'kwargsrepr': "{'start_page': 1, 'end_page': 5}", 'origin': 'gen2748@Mercy-DESKTOP-2S9KQHH', 'ignore_result': False, 'replaced_task_nesting': 0, 'stamped_headers': None, 'stamps': {}, 'redelivered': True, 'properties': {'correlation_id': 'bb7f96da-6314-45d8-8412-f6402f936165', 'reply_to': '28222375-7515-3db9-98c1-d61cc4ed7668', 'delivery_mode': 2, 'delivery_info': {'exchange': '', 'routing_key': 'celery', 'redelivered': True}, 'priority': 0, 'body_encoding': 'base64', 'delivery_tag': '59f7d646-daac-42bb-bccb-10efc58648cd'}, 'reply_to': '28222375-7515-3db9-98c1-d61cc4ed7668', 'correlation_id':... kwargs:{})
[2024-11-25 19:47:57,017: DEBUG/MainProcess] Timer wake-up! Next ETA 1.0 secs.
[2024-11-25 19:47:58,035: DEBUG/MainProcess] Timer wake-up! Next ETA 1.0 secs.
[2024-11-25 19:47:59,052: DEBUG/MainProcess] Timer wake-up! Next ETA 0.9839999999967404 secs.
[2024-11-25 19:48:00,051: DEBUG/MainProcess] Timer wake-up! Next ETA 0.9530000000086147 secs.
[2024-11-25 19:48:01,007: DEBUG/MainProcess] Timer wake-up! Next ETA 1.0 secs.
[2024-11-25 19:48:01,040: DEBUG/SpawnPoolWorker-4] 
def chord(self, header, body, partial_args=0, interval=1, countdown=2, max_retries=3, eager=4, **kwargs):
    return 1

[2024-11-25 19:48:01,042: DEBUG/SpawnPoolWorker-4] 
def chunks(task, it, n):
    return 1

[2024-11-25 19:48:01,042: DEBUG/SpawnPoolWorker-4] 
def unlock_chord(self, group_id, callback, interval=0, max_retries=1, result=2, Result=3, GroupResult=4, result_from_tuple=5, **kwargs):
    return 1

[2024-11-25 19:48:01,046: DEBUG/SpawnPoolWorker-4] 
def fetch_and_store_movies(start_page=0, end_page=1):
    return 1

[2024-11-25 19:48:01,048: DEBUG/SpawnPoolWorker-4] 
def backend_cleanup():
    return 1

[2024-11-25 19:48:01,048: DEBUG/SpawnPoolWorker-4] 
def group(self, tasks, result, group_id, partial_args, add_to_parent=0):
    return 1

[2024-11-25 19:48:01,048: DEBUG/SpawnPoolWorker-4] 
def xmap(task, it):
    return 1

[2024-11-25 19:48:01,052: DEBUG/SpawnPoolWorker-4] 
def debug_task(self):
    return 1

[2024-11-25 19:48:01,052: DEBUG/SpawnPoolWorker-4] 
def accumulate(self, *args, **kwargs):
    return 1

[2024-11-25 19:48:01,054: DEBUG/SpawnPoolWorker-4] 
def chain(*args, **kwargs):
    return 1

[2024-11-25 19:48:01,055: DEBUG/SpawnPoolWorker-4] 
def xstarmap(task, it):
    return 1

[2024-11-25 19:48:01,176: DEBUG/SpawnPoolWorker-8] 
def chord(self, header, body, partial_args=0, interval=1, countdown=2, max_retries=3, eager=4, **kwargs):
    return 1

[2024-11-25 19:48:01,176: DEBUG/SpawnPoolWorker-8] 
def chunks(task, it, n):
    return 1

[2024-11-25 19:48:01,177: DEBUG/SpawnPoolWorker-8] 
def unlock_chord(self, group_id, callback, interval=0, max_retries=1, result=2, Result=3, GroupResult=4, result_from_tuple=5, **kwargs):
    return 1

[2024-11-25 19:48:01,179: DEBUG/SpawnPoolWorker-8] 
def fetch_and_store_movies(start_page=0, end_page=1):
    return 1

[2024-11-25 19:48:01,180: DEBUG/SpawnPoolWorker-8] 
def backend_cleanup():
    return 1

[2024-11-25 19:48:01,182: DEBUG/SpawnPoolWorker-8] 
def group(self, tasks, result, group_id, partial_args, add_to_parent=0):
    return 1

[2024-11-25 19:48:01,182: DEBUG/SpawnPoolWorker-2] 
def chord(self, header, body, partial_args=0, interval=1, countdown=2, max_retries=3, eager=4, **kwargs):
    return 1

[2024-11-25 19:48:01,182: DEBUG/SpawnPoolWorker-8] 
def xmap(task, it):
    return 1

[2024-11-25 19:48:01,182: DEBUG/SpawnPoolWorker-2] 
def chunks(task, it, n):
    return 1

[2024-11-25 19:48:01,182: DEBUG/SpawnPoolWorker-8] 
def debug_task(self):
    return 1

[2024-11-25 19:48:01,182: DEBUG/SpawnPoolWorker-2] 
def unlock_chord(self, group_id, callback, interval=0, max_retries=1, result=2, Result=3, GroupResult=4, result_from_tuple=5, **kwargs):
    return 1

[2024-11-25 19:48:01,182: DEBUG/SpawnPoolWorker-8] 
def accumulate(self, *args, **kwargs):
    return 1

[2024-11-25 19:48:01,185: DEBUG/SpawnPoolWorker-2] 
def fetch_and_store_movies(start_page=0, end_page=1):
    return 1

[2024-11-25 19:48:01,185: DEBUG/SpawnPoolWorker-8] 
def chain(*args, **kwargs):
    return 1

[2024-11-25 19:48:01,185: DEBUG/SpawnPoolWorker-2] 
def backend_cleanup():
    return 1

[2024-11-25 19:48:01,185: DEBUG/SpawnPoolWorker-8] 
def xstarmap(task, it):
    return 1

[2024-11-25 19:48:01,187: DEBUG/SpawnPoolWorker-2] 
def group(self, tasks, result, group_id, partial_args, add_to_parent=0):
    return 1

[2024-11-25 19:48:01,187: DEBUG/SpawnPoolWorker-2] 
def xmap(task, it):
    return 1

[2024-11-25 19:48:01,187: DEBUG/SpawnPoolWorker-2] 
def debug_task(self):
    return 1

[2024-11-25 19:48:01,187: DEBUG/SpawnPoolWorker-2] 
def accumulate(self, *args, **kwargs):
    return 1

[2024-11-25 19:48:01,187: DEBUG/SpawnPoolWorker-2] 
def chain(*args, **kwargs):
    return 1

[2024-11-25 19:48:01,187: DEBUG/SpawnPoolWorker-2] 
def xstarmap(task, it):
    return 1

[2024-11-25 19:48:01,201: DEBUG/SpawnPoolWorker-1] 
def chord(self, header, body, partial_args=0, interval=1, countdown=2, max_retries=3, eager=4, **kwargs):
    return 1

[2024-11-25 19:48:01,203: DEBUG/SpawnPoolWorker-1] 
def chunks(task, it, n):
    return 1

[2024-11-25 19:48:01,205: DEBUG/SpawnPoolWorker-1] 
def unlock_chord(self, group_id, callback, interval=0, max_retries=1, result=2, Result=3, GroupResult=4, result_from_tuple=5, **kwargs):
    return 1

[2024-11-25 19:48:01,206: DEBUG/SpawnPoolWorker-1] 
def fetch_and_store_movies(start_page=0, end_page=1):
    return 1

[2024-11-25 19:48:01,206: DEBUG/SpawnPoolWorker-1] 
def backend_cleanup():
    return 1

[2024-11-25 19:48:01,207: DEBUG/SpawnPoolWorker-1] 
def group(self, tasks, result, group_id, partial_args, add_to_parent=0):
    return 1

[2024-11-25 19:48:01,207: DEBUG/SpawnPoolWorker-1] 
def xmap(task, it):
    return 1

[2024-11-25 19:48:01,210: DEBUG/SpawnPoolWorker-1] 
def debug_task(self):
    return 1

[2024-11-25 19:48:01,210: DEBUG/SpawnPoolWorker-1] 
def accumulate(self, *args, **kwargs):
    return 1

[2024-11-25 19:48:01,211: DEBUG/SpawnPoolWorker-1] 
def chain(*args, **kwargs):
    return 1

[2024-11-25 19:48:01,211: DEBUG/SpawnPoolWorker-1] 
def xstarmap(task, it):
    return 1

[2024-11-25 19:48:01,310: DEBUG/SpawnPoolWorker-6] 
def chord(self, header, body, partial_args=0, interval=1, countdown=2, max_retries=3, eager=4, **kwargs):
    return 1

[2024-11-25 19:48:01,318: DEBUG/SpawnPoolWorker-6] 
def chunks(task, it, n):
    return 1

[2024-11-25 19:48:01,319: DEBUG/SpawnPoolWorker-6] 
def unlock_chord(self, group_id, callback, interval=0, max_retries=1, result=2, Result=3, GroupResult=4, result_from_tuple=5, **kwargs):
    return 1

[2024-11-25 19:48:01,320: DEBUG/SpawnPoolWorker-6] 
def fetch_and_store_movies(start_page=0, end_page=1):
    return 1

[2024-11-25 19:48:01,322: DEBUG/SpawnPoolWorker-6] 
def backend_cleanup():
    return 1

[2024-11-25 19:48:01,322: DEBUG/SpawnPoolWorker-6] 
def group(self, tasks, result, group_id, partial_args, add_to_parent=0):
    return 1

[2024-11-25 19:48:01,326: DEBUG/SpawnPoolWorker-6] 
def xmap(task, it):
    return 1

[2024-11-25 19:48:01,327: DEBUG/SpawnPoolWorker-6] 
def debug_task(self):
    return 1

[2024-11-25 19:48:01,328: DEBUG/SpawnPoolWorker-6] 
def accumulate(self, *args, **kwargs):
    return 1

[2024-11-25 19:48:01,329: DEBUG/SpawnPoolWorker-6] 
def chain(*args, **kwargs):
    return 1

[2024-11-25 19:48:01,329: DEBUG/SpawnPoolWorker-6] 
def xstarmap(task, it):
    return 1

[2024-11-25 19:48:01,410: DEBUG/SpawnPoolWorker-7] 
def chord(self, header, body, partial_args=0, interval=1, countdown=2, max_retries=3, eager=4, **kwargs):
    return 1

[2024-11-25 19:48:01,411: DEBUG/SpawnPoolWorker-7] 
def chunks(task, it, n):
    return 1

[2024-11-25 19:48:01,413: DEBUG/SpawnPoolWorker-7] 
def unlock_chord(self, group_id, callback, interval=0, max_retries=1, result=2, Result=3, GroupResult=4, result_from_tuple=5, **kwargs):
    return 1

[2024-11-25 19:48:01,413: DEBUG/SpawnPoolWorker-7] 
def fetch_and_store_movies(start_page=0, end_page=1):
    return 1

[2024-11-25 19:48:01,415: DEBUG/SpawnPoolWorker-7] 
def backend_cleanup():
    return 1

[2024-11-25 19:48:01,416: DEBUG/SpawnPoolWorker-7] 
def group(self, tasks, result, group_id, partial_args, add_to_parent=0):
    return 1

[2024-11-25 19:48:01,417: DEBUG/SpawnPoolWorker-7] 
def xmap(task, it):
    return 1

[2024-11-25 19:48:01,417: DEBUG/SpawnPoolWorker-7] 
def debug_task(self):
    return 1

[2024-11-25 19:48:01,417: DEBUG/SpawnPoolWorker-7] 
def accumulate(self, *args, **kwargs):
    return 1

[2024-11-25 19:48:01,417: DEBUG/SpawnPoolWorker-7] 
def chain(*args, **kwargs):
    return 1

[2024-11-25 19:48:01,417: DEBUG/SpawnPoolWorker-7] 
def xstarmap(task, it):
    return 1

[2024-11-25 19:48:01,434: DEBUG/SpawnPoolWorker-5] 
def chord(self, header, body, partial_args=0, interval=1, countdown=2, max_retries=3, eager=4, **kwargs):
    return 1

[2024-11-25 19:48:01,434: DEBUG/SpawnPoolWorker-5] 
def chunks(task, it, n):
    return 1

[2024-11-25 19:48:01,439: DEBUG/SpawnPoolWorker-5] 
def unlock_chord(self, group_id, callback, interval=0, max_retries=1, result=2, Result=3, GroupResult=4, result_from_tuple=5, **kwargs):
    return 1

[2024-11-25 19:48:01,439: DEBUG/SpawnPoolWorker-5] 
def fetch_and_store_movies(start_page=0, end_page=1):
    return 1

[2024-11-25 19:48:01,439: DEBUG/SpawnPoolWorker-5] 
def backend_cleanup():
    return 1

[2024-11-25 19:48:01,439: DEBUG/SpawnPoolWorker-5] 
def group(self, tasks, result, group_id, partial_args, add_to_parent=0):
    return 1

[2024-11-25 19:48:01,439: DEBUG/SpawnPoolWorker-5] 
def xmap(task, it):
    return 1

[2024-11-25 19:48:01,439: DEBUG/SpawnPoolWorker-5] 
def debug_task(self):
    return 1

[2024-11-25 19:48:01,439: DEBUG/SpawnPoolWorker-5] 
def accumulate(self, *args, **kwargs):
    return 1

[2024-11-25 19:48:01,439: DEBUG/SpawnPoolWorker-5] 
def chain(*args, **kwargs):
    return 1

[2024-11-25 19:48:01,447: DEBUG/SpawnPoolWorker-5] 
def xstarmap(task, it):
    return 1

[2024-11-25 19:48:01,448: DEBUG/SpawnPoolWorker-3] 
def chord(self, header, body, partial_args=0, interval=1, countdown=2, max_retries=3, eager=4, **kwargs):
    return 1

[2024-11-25 19:48:01,450: DEBUG/SpawnPoolWorker-3] 
def chunks(task, it, n):
    return 1

[2024-11-25 19:48:01,450: DEBUG/SpawnPoolWorker-3] 
def unlock_chord(self, group_id, callback, interval=0, max_retries=1, result=2, Result=3, GroupResult=4, result_from_tuple=5, **kwargs):
    return 1

[2024-11-25 19:48:01,452: DEBUG/SpawnPoolWorker-3] 
def fetch_and_store_movies(start_page=0, end_page=1):
    return 1

[2024-11-25 19:48:01,453: DEBUG/SpawnPoolWorker-3] 
def backend_cleanup():
    return 1

[2024-11-25 19:48:01,453: DEBUG/SpawnPoolWorker-3] 
def group(self, tasks, result, group_id, partial_args, add_to_parent=0):
    return 1

[2024-11-25 19:48:01,455: DEBUG/SpawnPoolWorker-3] 
def xmap(task, it):
    return 1

[2024-11-25 19:48:01,455: DEBUG/SpawnPoolWorker-3] 
def debug_task(self):
    return 1

[2024-11-25 19:48:01,455: DEBUG/SpawnPoolWorker-3] 
def accumulate(self, *args, **kwargs):
    return 1

[2024-11-25 19:48:01,456: DEBUG/SpawnPoolWorker-3] 
def chain(*args, **kwargs):
    return 1

[2024-11-25 19:48:01,456: DEBUG/SpawnPoolWorker-3] 
def xstarmap(task, it):
    return 1

[2024-11-25 19:48:02,008: DEBUG/MainProcess] Timer wake-up! Next ETA 0.046999999991385266 secs.
[2024-11-25 19:48:02,057: DEBUG/MainProcess] Timer wake-up! Next ETA 1.0 secs.
[2024-11-25 19:48:03,058: DEBUG/MainProcess] Timer wake-up! Next ETA 1.0 secs.
[2024-11-25 19:48:04,059: DEBUG/MainProcess] Timer wake-up! Next ETA 1.0 secs.
[2024-11-25 19:48:05,061: DEBUG/MainProcess] Timer wake-up! Next ETA 0.9530000000086147 secs.
[2024-11-25 19:48:06,015: DEBUG/MainProcess] Timer wake-up! Next ETA 0.046999999991385266 secs.
[2024-11-25 19:48:06,063: DEBUG/MainProcess] Timer wake-up! Next ETA 1.0 secs.
[2024-11-25 19:48:07,065: DEBUG/MainProcess] Timer wake-up! Next ETA 1.0 secs.
[2024-11-25 19:48:08,065: DEBUG/MainProcess] Timer wake-up! Next ETA 1.0 secs.
[2024-11-25 19:48:09,067: DEBUG/MainProcess] Timer wake-up! Next ETA 0.9839999999967404 secs.
[2024-11-25 19:48:10,052: DEBUG/MainProcess] Timer wake-up! Next ETA 0.9530000000086147 secs.
[2024-11-25 19:48:11,007: DEBUG/MainProcess] Timer wake-up! Next ETA 1.0 secs.
[2024-11-25 19:48:12,008: DEBUG/MainProcess] Timer wake-up! Next ETA 0.046999999991385266 secs.
[2024-11-25 19:48:12,060: DEBUG/MainProcess] Timer wake-up! Next ETA 1.0 secs.
[2024-11-25 19:48:13,062: DEBUG/MainProcess] Timer wake-up! Next ETA 1.0 secs.
[2024-11-25 19:48:14,066: DEBUG/MainProcess] Timer wake-up! Next ETA 1.0 secs.
[2024-11-25 19:48:15,068: DEBUG/MainProcess] Timer wake-up! Next ETA 0.9370000000053551 secs.
[2024-11-25 19:48:16,008: DEBUG/MainProcess] Timer wake-up! Next ETA 0.046999999991385266 secs.
[2024-11-25 19:48:16,057: DEBUG/MainProcess] Timer wake-up! Next ETA 1.0 secs.
[2024-11-25 19:48:17,058: DEBUG/MainProcess] Timer wake-up! Next ETA 1.0 secs.
[2024-11-25 19:48:18,069: DEBUG/MainProcess] Timer wake-up! Next ETA 1.0 secs.
[2024-11-25 19:48:19,072: DEBUG/MainProcess] Timer wake-up! Next ETA 1.0 secs.
[2024-11-25 19:48:20,074: DEBUG/MainProcess] Timer wake-up! Next ETA 0.9370000000053551 secs.
[2024-11-25 19:48:21,012: DEBUG/MainProcess] Timer wake-up! Next ETA 1.0 secs.
[2024-11-25 19:48:22,014: DEBUG/MainProcess] Timer wake-up! Next ETA 0.0629999999946449 secs.
[2024-11-25 19:48:22,077: DEBUG/MainProcess] Timer wake-up! Next ETA 1.0 secs.
[2024-11-25 19:48:23,079: DEBUG/MainProcess] Timer wake-up! Next ETA 1.0 secs.
[2024-11-25 19:48:24,080: DEBUG/MainProcess] Timer wake-up! Next ETA 1.0 secs.
[2024-11-25 19:48:25,081: DEBUG/MainProcess] Timer wake-up! Next ETA 0.9370000000053551 secs.
[2024-11-25 19:48:26,020: DEBUG/MainProcess] Timer wake-up! Next ETA 0.0470000000204891 secs.
[2024-11-25 19:48:26,073: DEBUG/MainProcess] Timer wake-up! Next ETA 1.0 secs.
[2024-11-25 19:48:27,075: DEBUG/MainProcess] Timer wake-up! Next ETA 1.0 secs.
[2024-11-25 19:48:28,079: DEBUG/MainProcess] Timer wake-up! Next ETA 1.0 secs.
[2024-11-25 19:48:29,083: DEBUG/MainProcess] Timer wake-up! Next ETA 0.985000000015134 secs.
[2024-11-25 19:48:30,072: DEBUG/MainProcess] Timer wake-up! Next ETA 0.9529999999795109 secs.
[2024-11-25 19:48:31,027: DEBUG/MainProcess] Timer wake-up! Next ETA 1.0 secs.
[2024-11-25 19:48:32,028: DEBUG/MainProcess] Timer wake-up! Next ETA 0.0470000000204891 secs.
[2024-11-25 19:48:32,077: DEBUG/MainProcess] Timer wake-up! Next ETA 1.0 secs.
[2024-11-25 19:48:33,078: DEBUG/MainProcess] Timer wake-up! Next ETA 1.0 secs.
[2024-11-25 19:48:34,081: DEBUG/MainProcess] Timer wake-up! Next ETA 1.0 secs.
[2024-11-25 19:48:35,085: DEBUG/MainProcess] Timer wake-up! Next ETA 0.9379999999946449 secs.
[2024-11-25 19:48:36,024: DEBUG/MainProcess] Timer wake-up! Next ETA 0.0470000000204891 secs.
[2024-11-25 19:48:36,071: DEBUG/MainProcess] Timer wake-up! Next ETA 1.0 secs.
[2024-11-25 19:48:37,073: DEBUG/MainProcess] Timer wake-up! Next ETA 1.0 secs.
[2024-11-25 19:48:38,077: DEBUG/MainProcess] Timer wake-up! Next ETA 1.0 secs.
[2024-11-25 19:48:39,079: DEBUG/MainProcess] Timer wake-up! Next ETA 1.0 secs.
[2024-11-25 19:48:40,080: DEBUG/MainProcess] Timer wake-up! Next ETA 0.9529999999795109 secs.
[2024-11-25 19:48:41,039: DEBUG/MainProcess] Timer wake-up! Next ETA 1.0 secs.
[2024-11-25 19:48:42,041: DEBUG/MainProcess] Timer wake-up! Next ETA 0.03200000000651926 secs.
[2024-11-25 19:48:42,076: DEBUG/MainProcess] Timer wake-up! Next ETA 1.0 secs.
[2024-11-25 19:48:43,077: DEBUG/MainProcess] Timer wake-up! Next ETA 1.0 secs.
[2024-11-25 19:48:44,080: DEBUG/MainProcess] Timer wake-up! Next ETA 1.0 secs.
[2024-11-25 19:48:45,081: DEBUG/MainProcess] Timer wake-up! Next ETA 0.9679999999934807 secs.
[2024-11-25 19:48:46,050: DEBUG/MainProcess] Timer wake-up! Next ETA 0.03200000000651926 secs.
[2024-11-25 19:48:46,084: DEBUG/MainProcess] Timer wake-up! Next ETA 1.0 secs.
[2024-11-25 19:48:47,085: DEBUG/MainProcess] Timer wake-up! Next ETA 1.0 secs.
[2024-11-25 19:48:48,086: DEBUG/MainProcess] Timer wake-up! Next ETA 1.0 secs.
[2024-11-25 19:48:49,088: DEBUG/MainProcess] Timer wake-up! Next ETA 1.0 secs.
[2024-11-25 19:48:50,091: DEBUG/MainProcess] Timer wake-up! Next ETA 0.9530000000086147 secs.
[2024-11-25 19:48:51,047: DEBUG/MainProcess] Timer wake-up! Next ETA 1.0 secs.
[2024-11-25 19:48:52,048: DEBUG/MainProcess] Timer wake-up! Next ETA 0.046999999991385266 secs.
[2024-11-25 19:48:52,097: DEBUG/MainProcess] Timer wake-up! Next ETA 1.0 secs.
[2024-11-25 19:48:53,099: DEBUG/MainProcess] Timer wake-up! Next ETA 0.9839999999967404 secs.
[2024-11-25 19:48:54,087: DEBUG/MainProcess] Timer wake-up! Next ETA 1.0 secs.
[2024-11-25 19:48:55,089: DEBUG/MainProcess] Timer wake-up! Next ETA 0.9530000000086147 secs.
[2024-11-25 19:48:56,044: DEBUG/MainProcess] Timer wake-up! Next ETA 0.046999999991385266 secs.
[2024-11-25 19:48:56,096: DEBUG/MainProcess] Timer wake-up! Next ETA 1.0 secs.
[2024-11-25 19:48:57,098: DEBUG/MainProcess] Timer wake-up! Next ETA 0.9839999999967404 secs.
[2024-11-25 19:48:58,087: DEBUG/MainProcess] Timer wake-up! Next ETA 1.0 secs.
[2024-11-25 19:48:59,089: DEBUG/MainProcess] Timer wake-up! Next ETA 1.0 secs.
[2024-11-25 19:49:00,091: DEBUG/MainProcess] Timer wake-up! Next ETA 0.9530000000086147 secs.
[2024-11-25 19:49:01,047: DEBUG/MainProcess] Timer wake-up! Next ETA 1.0 secs.
[2024-11-25 19:49:02,049: DEBUG/MainProcess] Timer wake-up! Next ETA 0.046999999991385266 secs.
[2024-11-25 19:49:02,097: DEBUG/MainProcess] Timer wake-up! Next ETA 1.0 secs.
[2024-11-25 19:49:03,099: DEBUG/MainProcess] Timer wake-up! Next ETA 0.9839999999967404 secs.
[2024-11-25 19:49:04,085: DEBUG/MainProcess] Timer wake-up! Next ETA 1.0 secs.
[2024-11-25 19:49:05,087: DEBUG/MainProcess] Timer wake-up! Next ETA 0.9530000000086147 secs.
[2024-11-25 19:49:06,043: DEBUG/MainProcess] Timer wake-up! Next ETA 0.046999999991385266 secs.
[2024-11-25 19:49:06,092: DEBUG/MainProcess] Timer wake-up! Next ETA 1.0 secs.
[2024-11-25 19:49:07,096: DEBUG/MainProcess] Timer wake-up! Next ETA 1.0 secs.
[2024-11-25 19:49:08,099: DEBUG/MainProcess] Timer wake-up! Next ETA 1.0 secs.
[2024-11-25 19:49:09,101: DEBUG/MainProcess] Timer wake-up! Next ETA 1.0 secs.
[2024-11-25 19:49:10,103: DEBUG/MainProcess] Timer wake-up! Next ETA 0.9370000000053551 secs.
[2024-11-25 19:49:11,042: DEBUG/MainProcess] Timer wake-up! Next ETA 1.0 secs.
[2024-11-25 19:49:12,043: DEBUG/MainProcess] Timer wake-up! Next ETA 0.0629999999946449 secs.
[2024-11-25 19:49:12,109: DEBUG/MainProcess] Timer wake-up! Next ETA 1.0 secs.
[2024-11-25 19:49:13,110: DEBUG/MainProcess] Timer wake-up! Next ETA 1.0 secs.
[2024-11-25 19:49:14,113: DEBUG/MainProcess] Timer wake-up! Next ETA 1.0 secs.
[2024-11-25 19:49:15,116: DEBUG/MainProcess] Timer wake-up! Next ETA 0.9210000000020955 secs.
[2024-11-25 19:49:16,038: DEBUG/MainProcess] Timer wake-up! Next ETA 0.07899999999790452 secs.
[2024-11-25 19:49:16,119: DEBUG/MainProcess] Timer wake-up! Next ETA 1.0 secs.
[2024-11-25 19:49:17,123: DEBUG/MainProcess] Timer wake-up! Next ETA 1.0 secs.
[2024-11-25 19:49:18,125: DEBUG/MainProcess] Timer wake-up! Next ETA 1.0 secs.
[2024-11-25 19:49:19,130: DEBUG/MainProcess] Timer wake-up! Next ETA 0.9849999999860302 secs.
[2024-11-25 19:49:20,117: DEBUG/MainProcess] Timer wake-up! Next ETA 0.9210000000020955 secs.
[2024-11-25 19:49:21,040: DEBUG/MainProcess] Timer wake-up! Next ETA 1.0 secs.
[2024-11-25 19:49:22,041: DEBUG/MainProcess] Timer wake-up! Next ETA 0.07899999999790452 secs.
[2024-11-25 19:49:22,125: DEBUG/MainProcess] Timer wake-up! Next ETA 1.0 secs.
[2024-11-25 19:49:23,127: DEBUG/MainProcess] Timer wake-up! Next ETA 1.0 secs.
[2024-11-25 19:49:24,129: DEBUG/MainProcess] Timer wake-up! Next ETA 1.0 secs.
[2024-11-25 19:49:25,134: DEBUG/MainProcess] Timer wake-up! Next ETA 0.9059999999881256 secs.
[2024-11-25 19:49:26,041: DEBUG/MainProcess] Timer wake-up! Next ETA 0.09400000001187436 secs.
[2024-11-25 19:49:26,138: DEBUG/MainProcess] Timer wake-up! Next ETA 1.0 secs.
[2024-11-25 19:49:27,140: DEBUG/MainProcess] Timer wake-up! Next ETA 1.0 secs.
[2024-11-25 19:49:28,141: DEBUG/MainProcess] Timer wake-up! Next ETA 1.0 secs.
[2024-11-25 19:49:29,146: DEBUG/MainProcess] Timer wake-up! Next ETA 0.9840000000258442 secs.
[2024-11-25 19:49:30,135: DEBUG/MainProcess] Timer wake-up! Next ETA 0.9059999999881256 secs.
[2024-11-25 19:49:31,043: DEBUG/MainProcess] Timer wake-up! Next ETA 1.0 secs.
[2024-11-25 19:49:32,044: DEBUG/MainProcess] Timer wake-up! Next ETA 0.09400000001187436 secs.
[2024-11-25 19:49:32,142: DEBUG/MainProcess] Timer wake-up! Next ETA 1.0 secs.
[2024-11-25 19:49:33,145: DEBUG/MainProcess] Timer wake-up! Next ETA 0.9840000000258442 secs.
[2024-11-25 19:49:34,134: DEBUG/MainProcess] Timer wake-up! Next ETA 1.0 secs.
[2024-11-25 19:49:35,135: DEBUG/MainProcess] Timer wake-up! Next ETA 0.9059999999881256 secs.
[2024-11-25 19:49:36,042: DEBUG/MainProcess] Timer wake-up! Next ETA 0.09400000001187436 secs.
[2024-11-25 19:49:36,173: DEBUG/MainProcess] Timer wake-up! Next ETA 1.0 secs.
[2024-11-25 19:49:37,178: DEBUG/MainProcess] Timer wake-up! Next ETA 0.9839999999967404 secs.
[2024-11-25 19:49:38,166: DEBUG/MainProcess] Timer wake-up! Next ETA 1.0 secs.
[2024-11-25 19:49:39,169: DEBUG/MainProcess] Timer wake-up! Next ETA 1.0 secs.
[2024-11-25 19:49:40,171: DEBUG/MainProcess] Timer wake-up! Next ETA 0.875 secs.
[2024-11-25 19:49:41,048: DEBUG/MainProcess] Timer wake-up! Next ETA 1.0 secs.
[2024-11-25 19:49:42,048: DEBUG/MainProcess] Timer wake-up! Next ETA 0.125 secs.
[2024-11-25 19:49:42,174: DEBUG/MainProcess] Timer wake-up! Next ETA 1.0 secs.
[2024-11-25 19:49:43,176: DEBUG/MainProcess] Timer wake-up! Next ETA 0.9839999999967404 secs.
[2024-11-25 19:49:44,163: DEBUG/MainProcess] Timer wake-up! Next ETA 1.0 secs.
[2024-11-25 19:49:45,164: DEBUG/MainProcess] Timer wake-up! Next ETA 0.875 secs.
[2024-11-25 19:49:46,042: DEBUG/MainProcess] Timer wake-up! Next ETA 0.125 secs.
[2024-11-25 19:49:46,170: DEBUG/MainProcess] Timer wake-up! Next ETA 1.0 secs.
[2024-11-25 19:49:47,171: DEBUG/MainProcess] Timer wake-up! Next ETA 1.0 secs.
[2024-11-25 19:49:48,174: DEBUG/MainProcess] Timer wake-up! Next ETA 1.0 secs.
[2024-11-25 19:49:49,178: DEBUG/MainProcess] Timer wake-up! Next ETA 0.9839999999967404 secs.
[2024-11-25 19:49:50,168: DEBUG/MainProcess] Timer wake-up! Next ETA 0.875 secs.
[2024-11-25 19:49:51,045: DEBUG/MainProcess] Timer wake-up! Next ETA 1.0 secs.
[2024-11-25 19:49:52,047: DEBUG/MainProcess] Timer wake-up! Next ETA 0.125 secs.
[2024-11-25 19:49:52,178: DEBUG/MainProcess] Timer wake-up! Next ETA 1.0 secs.
[2024-11-25 19:49:53,180: DEBUG/MainProcess] Timer wake-up! Next ETA 0.9839999999967404 secs.
[2024-11-25 19:49:54,168: DEBUG/MainProcess] Timer wake-up! Next ETA 1.0 secs.
[2024-11-25 19:49:55,171: DEBUG/MainProcess] Timer wake-up! Next ETA 0.875 secs.
[2024-11-25 19:49:56,048: DEBUG/MainProcess] Timer wake-up! Next ETA 0.125 secs.
[2024-11-25 19:49:56,176: DEBUG/MainProcess] Timer wake-up! Next ETA 1.0 secs.
[2024-11-25 19:49:57,177: DEBUG/MainProcess] Timer wake-up! Next ETA 1.0 secs.
[2024-11-25 19:49:58,178: DEBUG/MainProcess] Timer wake-up! Next ETA 1.0 secs.
[2024-11-25 19:49:59,180: DEBUG/MainProcess] Timer wake-up! Next ETA 1.0 secs.
[2024-11-25 19:50:00,182: DEBUG/MainProcess] Timer wake-up! Next ETA 0.8589999999967404 secs.
[2024-11-25 19:50:01,044: DEBUG/MainProcess] Timer wake-up! Next ETA 1.0 secs.
[2024-11-25 19:50:02,046: DEBUG/MainProcess] Timer wake-up! Next ETA 0.14100000000325963 secs.
[2024-11-25 19:50:02,191: DEBUG/MainProcess] Timer wake-up! Next ETA 1.0 secs.
[2024-11-25 19:50:03,193: DEBUG/MainProcess] Timer wake-up! Next ETA 0.9839999999967404 secs.
[2024-11-25 19:50:04,181: DEBUG/MainProcess] Timer wake-up! Next ETA 1.0 secs.
[2024-11-25 19:50:05,185: DEBUG/MainProcess] Timer wake-up! Next ETA 0.8589999999967404 secs.
[2024-11-25 19:50:06,046: DEBUG/MainProcess] Timer wake-up! Next ETA 0.14100000000325963 secs.
[2024-11-25 19:50:06,192: DEBUG/MainProcess] Timer wake-up! Next ETA 1.0 secs.
[2024-11-25 19:50:07,194: DEBUG/MainProcess] Timer wake-up! Next ETA 1.0 secs.
[2024-11-25 19:50:08,196: DEBUG/MainProcess] Timer wake-up! Next ETA 1.0 secs.
[2024-11-25 19:50:09,197: DEBUG/MainProcess] Timer wake-up! Next ETA 1.0 secs.
[2024-11-25 19:50:10,198: DEBUG/MainProcess] Timer wake-up! Next ETA 0.8429999999934807 secs.
[2024-11-25 19:50:11,044: DEBUG/MainProcess] Timer wake-up! Next ETA 1.0 secs.
[2024-11-25 19:50:12,045: DEBUG/MainProcess] Timer wake-up! Next ETA 0.15700000000651926 secs.
[2024-11-25 19:50:12,206: DEBUG/MainProcess] Timer wake-up! Next ETA 1.0 secs.
[2024-11-25 19:50:13,208: DEBUG/MainProcess] Timer wake-up! Next ETA 0.985000000015134 secs.
[2024-11-25 19:50:14,196: DEBUG/MainProcess] Timer wake-up! Next ETA 1.0 secs.
[2024-11-25 19:50:15,199: DEBUG/MainProcess] Timer wake-up! Next ETA 0.8429999999934807 secs.
[2024-11-25 19:50:16,044: DEBUG/MainProcess] Timer wake-up! Next ETA 0.15700000000651926 secs.
[2024-11-25 19:50:16,203: DEBUG/MainProcess] Timer wake-up! Next ETA 1.0 secs.
[2024-11-25 19:50:17,207: DEBUG/MainProcess] Timer wake-up! Next ETA 0.985000000015134 secs.
[2024-11-25 19:50:18,197: DEBUG/MainProcess] Timer wake-up! Next ETA 1.0 secs.
[2024-11-25 19:50:19,200: DEBUG/MainProcess] Timer wake-up! Next ETA 1.0 secs.
[2024-11-25 19:50:20,204: DEBUG/MainProcess] Timer wake-up! Next ETA 0.8429999999934807 secs.
[2024-11-25 19:50:21,050: DEBUG/MainProcess] Timer wake-up! Next ETA 1.0 secs.
[2024-11-25 19:50:22,052: DEBUG/MainProcess] Timer wake-up! Next ETA 0.14100000000325963 secs.
[2024-11-25 19:50:22,199: DEBUG/MainProcess] Timer wake-up! Next ETA 1.0 secs.
[2024-11-25 19:50:23,203: DEBUG/MainProcess] Timer wake-up! Next ETA 1.0 secs.
[2024-11-25 19:50:24,206: DEBUG/MainProcess] Timer wake-up! Next ETA 1.0 secs.
[2024-11-25 19:50:25,210: DEBUG/MainProcess] Timer wake-up! Next ETA 0.8440000000118744 secs.
[2024-11-25 19:50:26,056: DEBUG/MainProcess] Timer wake-up! Next ETA 0.14100000000325963 secs.
[2024-11-25 19:50:26,200: DEBUG/MainProcess] Timer wake-up! Next ETA 1.0 secs.
[2024-11-25 19:50:27,203: DEBUG/MainProcess] Timer wake-up! Next ETA 1.0 secs.
[2024-11-25 19:50:28,207: DEBUG/MainProcess] Timer wake-up! Next ETA 1.0 secs.
[2024-11-25 19:50:29,209: DEBUG/MainProcess] Timer wake-up! Next ETA 1.0 secs.
[2024-11-25 19:50:30,213: DEBUG/MainProcess] Timer wake-up! Next ETA 0.8440000000118744 secs.
[2024-11-25 19:50:31,060: DEBUG/MainProcess] Timer wake-up! Next ETA 1.0 secs.
[2024-11-25 19:50:32,061: DEBUG/MainProcess] Timer wake-up! Next ETA 0.15599999998812564 secs.
[2024-11-25 19:50:32,219: DEBUG/MainProcess] Timer wake-up! Next ETA 1.0 secs.
[2024-11-25 19:50:33,224: DEBUG/MainProcess] Timer wake-up! Next ETA 0.9839999999967404 secs.
[2024-11-25 19:50:34,211: DEBUG/MainProcess] Timer wake-up! Next ETA 1.0 secs.
[2024-11-25 19:50:35,215: DEBUG/MainProcess] Timer wake-up! Next ETA 0.8440000000118744 secs.
[2024-11-25 19:50:36,061: DEBUG/MainProcess] Timer wake-up! Next ETA 0.15599999998812564 secs.
[2024-11-25 19:50:36,219: DEBUG/MainProcess] Timer wake-up! Next ETA 1.0 secs.
[2024-11-25 19:50:37,224: DEBUG/MainProcess] Timer wake-up! Next ETA 0.9839999999967404 secs.
[2024-11-25 19:50:38,210: DEBUG/MainProcess] Timer wake-up! Next ETA 1.0 secs.
[2024-11-25 19:50:39,213: DEBUG/MainProcess] Timer wake-up! Next ETA 1.0 secs.
[2024-11-25 19:50:40,215: DEBUG/MainProcess] Timer wake-up! Next ETA 0.8440000000118744 secs.
[2024-11-25 19:50:41,060: DEBUG/MainProcess] Timer wake-up! Next ETA 1.0 secs.
[2024-11-25 19:50:42,061: DEBUG/MainProcess] Timer wake-up! Next ETA 0.15599999998812564 secs.
[2024-11-25 19:50:42,222: DEBUG/MainProcess] Timer wake-up! Next ETA 1.0 secs.
[2024-11-25 19:50:43,224: DEBUG/MainProcess] Timer wake-up! Next ETA 0.9839999999967404 secs.
[2024-11-25 19:50:44,210: DEBUG/MainProcess] Timer wake-up! Next ETA 1.0 secs.
[2024-11-25 19:50:45,213: DEBUG/MainProcess] Timer wake-up! Next ETA 0.8440000000118744 secs.
[2024-11-25 19:50:46,059: DEBUG/MainProcess] Timer wake-up! Next ETA 0.15599999998812564 secs.
[2024-11-25 19:50:46,216: DEBUG/MainProcess] Timer wake-up! Next ETA 1.0 secs.
[2024-11-25 19:50:47,218: DEBUG/MainProcess] Timer wake-up! Next ETA 1.0 secs.
[2024-11-25 19:50:48,223: DEBUG/MainProcess] Timer wake-up! Next ETA 1.0 secs.
[2024-11-25 19:50:49,224: DEBUG/MainProcess] Timer wake-up! Next ETA 0.9839999999967404 secs.
[2024-11-25 19:50:50,210: DEBUG/MainProcess] Timer wake-up! Next ETA 0.8440000000118744 secs.
[2024-11-25 19:50:51,057: DEBUG/MainProcess] Timer wake-up! Next ETA 1.0 secs.
[2024-11-25 19:50:52,059: DEBUG/MainProcess] Timer wake-up! Next ETA 0.15599999998812564 secs.
[2024-11-25 19:50:52,220: DEBUG/MainProcess] Timer wake-up! Next ETA 1.0 secs.
[2024-11-25 19:50:53,221: DEBUG/MainProcess] Timer wake-up! Next ETA 1.0 secs.
[2024-11-25 19:50:54,225: DEBUG/MainProcess] Timer wake-up! Next ETA 1.0 secs.
[2024-11-25 19:50:55,227: DEBUG/MainProcess] Timer wake-up! Next ETA 0.8280000000086147 secs.
[2024-11-25 19:50:56,056: DEBUG/MainProcess] Timer wake-up! Next ETA 0.17199999999138527 secs.
[2024-11-25 19:50:56,230: DEBUG/MainProcess] Timer wake-up! Next ETA 1.0 secs.
[2024-11-25 19:50:57,232: DEBUG/MainProcess] Timer wake-up! Next ETA 1.0 secs.
[2024-11-25 19:50:58,236: DEBUG/MainProcess] Timer wake-up! Next ETA 1.0 secs.
[2024-11-25 19:50:59,238: DEBUG/MainProcess] Timer wake-up! Next ETA 1.0 secs.
[2024-11-25 19:51:00,242: DEBUG/MainProcess] Timer wake-up! Next ETA 0.8120000000053551 secs.
[2024-11-25 19:51:01,056: DEBUG/MainProcess] Timer wake-up! Next ETA 1.0 secs.
[2024-11-25 19:51:02,058: DEBUG/MainProcess] Timer wake-up! Next ETA 0.1879999999946449 secs.
[2024-11-25 19:51:02,251: DEBUG/MainProcess] Timer wake-up! Next ETA 1.0 secs.
[2024-11-25 19:51:03,253: DEBUG/MainProcess] Timer wake-up! Next ETA 1.0 secs.
[2024-11-25 19:51:04,257: DEBUG/MainProcess] Timer wake-up! Next ETA 1.0 secs.
[2024-11-25 19:51:05,259: DEBUG/MainProcess] Timer wake-up! Next ETA 0.7969999999913853 secs.
[2024-11-25 19:51:06,058: DEBUG/MainProcess] Timer wake-up! Next ETA 0.20300000000861473 secs.
[2024-11-25 19:51:06,262: DEBUG/MainProcess] Timer wake-up! Next ETA 1.0 secs.
[2024-11-25 19:51:07,265: DEBUG/MainProcess] Timer wake-up! Next ETA 1.0 secs.
[2024-11-25 19:51:08,269: DEBUG/MainProcess] Timer wake-up! Next ETA 1.0 secs.
[2024-11-25 19:51:09,272: DEBUG/MainProcess] Timer wake-up! Next ETA 1.0 secs.
[2024-11-25 19:51:10,276: DEBUG/MainProcess] Timer wake-up! Next ETA 0.7810000000172295 secs.
[2024-11-25 19:51:11,060: DEBUG/MainProcess] Timer wake-up! Next ETA 1.0 secs.
[2024-11-25 19:51:12,061: DEBUG/MainProcess] Timer wake-up! Next ETA 0.21899999998277053 secs.
[2024-11-25 19:51:12,281: DEBUG/MainProcess] Timer wake-up! Next ETA 1.0 secs.
[2024-11-25 19:51:13,286: DEBUG/MainProcess] Timer wake-up! Next ETA 0.9849999999860302 secs.
[2024-11-25 19:51:14,273: DEBUG/MainProcess] Timer wake-up! Next ETA 1.0 secs.
[2024-11-25 19:51:15,276: DEBUG/MainProcess] Timer wake-up! Next ETA 0.7810000000172295 secs.
[2024-11-25 19:51:16,058: DEBUG/MainProcess] Timer wake-up! Next ETA 0.21899999998277053 secs.
[2024-11-25 19:51:16,282: DEBUG/MainProcess] Timer wake-up! Next ETA 1.0 secs.
[2024-11-25 19:51:17,284: DEBUG/MainProcess] Timer wake-up! Next ETA 1.0 secs.
[2024-11-25 19:51:18,286: DEBUG/MainProcess] Timer wake-up! Next ETA 1.0 secs.
[2024-11-25 19:51:19,291: DEBUG/MainProcess] Timer wake-up! Next ETA 1.0 secs.
[2024-11-25 19:51:20,293: DEBUG/MainProcess] Timer wake-up! Next ETA 0.7660000000032596 secs.
[2024-11-25 19:51:21,061: DEBUG/MainProcess] Timer wake-up! Next ETA 1.0 secs.
[2024-11-25 19:51:22,062: DEBUG/MainProcess] Timer wake-up! Next ETA 0.23399999999674037 secs.
[2024-11-25 19:51:22,298: DEBUG/MainProcess] Timer wake-up! Next ETA 1.0 secs.
[2024-11-25 19:51:23,299: DEBUG/MainProcess] Timer wake-up! Next ETA 1.0 secs.
[2024-11-25 19:51:24,301: DEBUG/MainProcess] Timer wake-up! Next ETA 1.0 secs.
[2024-11-25 19:51:25,304: DEBUG/MainProcess] Timer wake-up! Next ETA 0.75 secs.
[2024-11-25 19:51:26,055: DEBUG/MainProcess] Timer wake-up! Next ETA 0.25 secs.
[2024-11-25 19:51:26,309: DEBUG/MainProcess] Timer wake-up! Next ETA 1.0 secs.
[2024-11-25 19:51:27,312: DEBUG/MainProcess] Timer wake-up! Next ETA 1.0 secs.
[2024-11-25 19:51:28,313: DEBUG/MainProcess] Timer wake-up! Next ETA 1.0 secs.
[2024-11-25 19:51:29,317: DEBUG/MainProcess] Timer wake-up! Next ETA 0.9839999999967404 secs.
[2024-11-25 19:51:30,305: DEBUG/MainProcess] Timer wake-up! Next ETA 0.75 secs.
[2024-11-25 19:51:31,059: DEBUG/MainProcess] Timer wake-up! Next ETA 1.0 secs.
[2024-11-25 19:51:32,060: DEBUG/MainProcess] Timer wake-up! Next ETA 0.25 secs.
[2024-11-25 19:51:32,314: DEBUG/MainProcess] Timer wake-up! Next ETA 1.0 secs.
[2024-11-25 19:51:33,317: DEBUG/MainProcess] Timer wake-up! Next ETA 0.9839999999967404 secs.
[2024-11-25 19:51:34,303: DEBUG/MainProcess] Timer wake-up! Next ETA 1.0 secs.
[2024-11-25 19:51:35,304: DEBUG/MainProcess] Timer wake-up! Next ETA 0.75 secs.
[2024-11-25 19:51:36,056: DEBUG/MainProcess] Timer wake-up! Next ETA 0.25 secs.
[2024-11-25 19:51:36,308: DEBUG/MainProcess] Timer wake-up! Next ETA 1.0 secs.
[2024-11-25 19:51:37,314: DEBUG/MainProcess] Timer wake-up! Next ETA 1.0 secs.
[2024-11-25 19:51:38,316: DEBUG/MainProcess] Timer wake-up! Next ETA 1.0 secs.
[2024-11-25 19:51:39,317: DEBUG/MainProcess] Timer wake-up! Next ETA 1.0 secs.
[2024-11-25 19:51:40,318: DEBUG/MainProcess] Timer wake-up! Next ETA 0.7339999999967404 secs.
[2024-11-25 19:51:41,056: DEBUG/MainProcess] Timer wake-up! Next ETA 1.0 secs.
[2024-11-25 19:51:42,058: DEBUG/MainProcess] Timer wake-up! Next ETA 0.26600000000325963 secs.
[2024-11-25 19:51:42,325: DEBUG/MainProcess] Timer wake-up! Next ETA 1.0 secs.
[2024-11-25 19:51:43,330: DEBUG/MainProcess] Timer wake-up! Next ETA 1.0 secs.
[2024-11-25 19:51:44,333: DEBUG/MainProcess] Timer wake-up! Next ETA 1.0 secs.
[2024-11-25 19:51:45,336: DEBUG/MainProcess] Timer wake-up! Next ETA 0.7190000000118744 secs.
[2024-11-25 19:51:46,056: DEBUG/MainProcess] Timer wake-up! Next ETA 0.28099999998812564 secs.
[2024-11-25 19:51:46,338: DEBUG/MainProcess] Timer wake-up! Next ETA 1.0 secs.
[2024-11-25 19:51:47,344: DEBUG/MainProcess] Timer wake-up! Next ETA 1.0 secs.
[2024-11-25 19:51:48,345: DEBUG/MainProcess] Timer wake-up! Next ETA 1.0 secs.
[2024-11-25 19:51:49,348: DEBUG/MainProcess] Timer wake-up! Next ETA 0.9839999999967404 secs.
[2024-11-25 19:51:50,332: DEBUG/MainProcess] Timer wake-up! Next ETA 0.7190000000118744 secs.
[2024-11-25 19:51:51,056: DEBUG/MainProcess] Timer wake-up! Next ETA 1.0 secs.
[2024-11-25 19:51:52,057: DEBUG/MainProcess] Timer wake-up! Next ETA 0.28099999998812564 secs.
[2024-11-25 19:51:52,340: DEBUG/MainProcess] Timer wake-up! Next ETA 1.0 secs.
[2024-11-25 19:51:53,342: DEBUG/MainProcess] Timer wake-up! Next ETA 1.0 secs.
[2024-11-25 19:51:54,346: DEBUG/MainProcess] Timer wake-up! Next ETA 1.0 secs.
[2024-11-25 19:51:55,348: DEBUG/MainProcess] Timer wake-up! Next ETA 0.7030000000086147 secs.
[2024-11-25 19:51:56,052: DEBUG/MainProcess] Timer wake-up! Next ETA 0.28099999998812564 secs.
[2024-11-25 19:51:56,334: DEBUG/MainProcess] Timer wake-up! Next ETA 1.0 secs.
[2024-11-25 19:51:57,336: DEBUG/MainProcess] Timer wake-up! Next ETA 1.0 secs.
[2024-11-25 19:51:58,338: DEBUG/MainProcess] Timer wake-up! Next ETA 1.0 secs.
[2024-11-25 19:51:59,341: DEBUG/MainProcess] Timer wake-up! Next ETA 1.0 secs.
[2024-11-25 19:52:00,345: DEBUG/MainProcess] Timer wake-up! Next ETA 0.7190000000118744 secs.
[2024-11-25 19:52:01,067: DEBUG/MainProcess] Timer wake-up! Next ETA 1.0 secs.
[2024-11-25 19:52:02,069: DEBUG/MainProcess] Timer wake-up! Next ETA 0.264999999984866 secs.
[2024-11-25 19:52:02,337: DEBUG/MainProcess] Timer wake-up! Next ETA 1.0 secs.
[2024-11-25 19:52:03,340: DEBUG/MainProcess] Timer wake-up! Next ETA 1.0 secs.
[2024-11-25 19:52:04,343: DEBUG/MainProcess] Timer wake-up! Next ETA 1.0 secs.
[2024-11-25 19:52:05,344: DEBUG/MainProcess] Timer wake-up! Next ETA 0.735000000015134 secs.
[2024-11-25 19:52:06,080: DEBUG/MainProcess] Timer wake-up! Next ETA 0.264999999984866 secs.
[2024-11-25 19:52:06,348: DEBUG/MainProcess] Timer wake-up! Next ETA 1.0 secs.
[2024-11-25 19:52:07,350: DEBUG/MainProcess] Timer wake-up! Next ETA 1.0 secs.
[2024-11-25 19:52:08,351: DEBUG/MainProcess] Timer wake-up! Next ETA 1.0 secs.
[2024-11-25 19:52:09,352: DEBUG/MainProcess] Timer wake-up! Next ETA 1.0 secs.
[2024-11-25 19:52:10,356: DEBUG/MainProcess] Timer wake-up! Next ETA 0.7190000000118744 secs.
[2024-11-25 19:52:11,077: DEBUG/MainProcess] Timer wake-up! Next ETA 1.0 secs.
[2024-11-25 19:52:12,079: DEBUG/MainProcess] Timer wake-up! Next ETA 0.28099999998812564 secs.
[2024-11-25 19:52:12,364: DEBUG/MainProcess] Timer wake-up! Next ETA 1.0 secs.
[2024-11-25 19:52:13,367: DEBUG/MainProcess] Timer wake-up! Next ETA 1.0 secs.
[2024-11-25 19:52:14,369: DEBUG/MainProcess] Timer wake-up! Next ETA 1.0 secs.
[2024-11-25 19:52:15,371: DEBUG/MainProcess] Timer wake-up! Next ETA 0.7030000000086147 secs.
[2024-11-25 19:52:16,075: DEBUG/MainProcess] Timer wake-up! Next ETA 0.29699999999138527 secs.
[2024-11-25 19:52:16,374: DEBUG/MainProcess] Timer wake-up! Next ETA 1.0 secs.
[2024-11-25 19:52:17,375: DEBUG/MainProcess] Timer wake-up! Next ETA 1.0 secs.
[2024-11-25 19:52:18,377: DEBUG/MainProcess] Timer wake-up! Next ETA 1.0 secs.
[2024-11-25 19:52:19,379: DEBUG/MainProcess] Timer wake-up! Next ETA 0.9849999999860302 secs.
[2024-11-25 19:52:20,366: DEBUG/MainProcess] Timer wake-up! Next ETA 0.7030000000086147 secs.
[2024-11-25 19:52:21,070: DEBUG/MainProcess] Timer wake-up! Next ETA 1.0 secs.
[2024-11-25 19:52:22,072: DEBUG/MainProcess] Timer wake-up! Next ETA 0.29699999999138527 secs.
[2024-11-25 19:52:22,370: DEBUG/MainProcess] Timer wake-up! Next ETA 1.0 secs.
[2024-11-25 19:52:23,372: DEBUG/MainProcess] Timer wake-up! Next ETA 1.0 secs.
[2024-11-25 19:52:24,376: DEBUG/MainProcess] Timer wake-up! Next ETA 1.0 secs.
[2024-11-25 19:52:25,378: DEBUG/MainProcess] Timer wake-up! Next ETA 0.7030000000086147 secs.
[2024-11-25 19:52:26,082: DEBUG/MainProcess] Timer wake-up! Next ETA 0.28200000000651926 secs.
[2024-11-25 19:52:26,368: DEBUG/MainProcess] Timer wake-up! Next ETA 1.0 secs.
[2024-11-25 19:52:27,370: DEBUG/MainProcess] Timer wake-up! Next ETA 1.0 secs.
[2024-11-25 19:52:28,373: DEBUG/MainProcess] Timer wake-up! Next ETA 1.0 secs.
[2024-11-25 19:52:29,377: DEBUG/MainProcess] Timer wake-up! Next ETA 1.0 secs.
[2024-11-25 19:52:30,378: DEBUG/MainProcess] Timer wake-up! Next ETA 0.7029999999795109 secs.
[2024-11-25 19:52:31,083: DEBUG/MainProcess] Timer wake-up! Next ETA 1.0 secs.
[2024-11-25 19:52:32,084: DEBUG/MainProcess] Timer wake-up! Next ETA 0.2970000000204891 secs.
[2024-11-25 19:52:32,385: DEBUG/MainProcess] Timer wake-up! Next ETA 1.0 secs.
[2024-11-25 19:52:33,388: DEBUG/MainProcess] Timer wake-up! Next ETA 1.0 secs.
[2024-11-25 19:52:34,389: DEBUG/MainProcess] Timer wake-up! Next ETA 1.0 secs.
[2024-11-25 19:52:35,395: DEBUG/MainProcess] Timer wake-up! Next ETA 0.6870000000053551 secs.
[2024-11-25 19:52:36,084: DEBUG/MainProcess] Timer wake-up! Next ETA 0.2970000000204891 secs.
[2024-11-25 19:52:36,386: DEBUG/MainProcess] Timer wake-up! Next ETA 1.0 secs.
[2024-11-25 19:52:37,388: DEBUG/MainProcess] Timer wake-up! Next ETA 1.0 secs.
[2024-11-25 19:52:38,392: DEBUG/MainProcess] Timer wake-up! Next ETA 1.0 secs.
[2024-11-25 19:52:39,394: DEBUG/MainProcess] Timer wake-up! Next ETA 0.9840000000258442 secs.
[2024-11-25 19:52:40,380: DEBUG/MainProcess] Timer wake-up! Next ETA 0.7029999999795109 secs.
[2024-11-25 19:52:41,088: DEBUG/MainProcess] Timer wake-up! Next ETA 1.0 secs.
[2024-11-25 19:52:42,090: DEBUG/MainProcess] Timer wake-up! Next ETA 0.2970000000204891 secs.
[2024-11-25 19:52:42,390: DEBUG/MainProcess] Timer wake-up! Next ETA 1.0 secs.
[2024-11-25 19:52:43,394: DEBUG/MainProcess] Timer wake-up! Next ETA 1.0 secs.
[2024-11-25 19:52:44,398: DEBUG/MainProcess] Timer wake-up! Next ETA 1.0 secs.
[2024-11-25 19:52:45,400: DEBUG/MainProcess] Timer wake-up! Next ETA 0.6870000000053551 secs.
[2024-11-25 19:52:46,089: DEBUG/MainProcess] Timer wake-up! Next ETA 0.3129999999946449 secs.
[2024-11-25 19:52:46,404: DEBUG/MainProcess] Timer wake-up! Next ETA 1.0 secs.
[2024-11-25 19:52:47,406: DEBUG/MainProcess] Timer wake-up! Next ETA 1.0 secs.
[2024-11-25 19:52:48,408: DEBUG/MainProcess] Timer wake-up! Next ETA 1.0 secs.
[2024-11-25 19:52:49,413: DEBUG/MainProcess] Timer wake-up! Next ETA 0.9849999999860302 secs.
[2024-11-25 19:52:50,403: DEBUG/MainProcess] Timer wake-up! Next ETA 0.6870000000053551 secs.
[2024-11-25 19:52:51,092: DEBUG/MainProcess] Timer wake-up! Next ETA 1.0 secs.
[2024-11-25 19:52:52,094: DEBUG/MainProcess] Timer wake-up! Next ETA 0.3129999999946449 secs.
[2024-11-25 19:52:52,410: DEBUG/MainProcess] Timer wake-up! Next ETA 1.0 secs.
[2024-11-25 19:52:53,413: DEBUG/MainProcess] Timer wake-up! Next ETA 1.0 secs.
[2024-11-25 19:52:54,418: DEBUG/MainProcess] Timer wake-up! Next ETA 1.0 secs.
[2024-11-25 19:52:54,873: ERROR/SpawnPoolWorker-2] Pool process <billiard.pool.Worker object at 0x000001B11F95FE00> error: OSError(9, 'The handle is invalid', None, 6, None)
Traceback (most recent call last):
  File "C:\Users\Mercy\movieapi\env\Lib\site-packages\billiard\pool.py", line 473, in receive
    ready, req = _receive(1.0)
                 ^^^^^^^^^^^^^
  File "C:\Users\Mercy\movieapi\env\Lib\site-packages\billiard\pool.py", line 445, in _recv
    return True, loads(get_payload())
                       ^^^^^^^^^^^^^
  File "C:\Users\Mercy\movieapi\env\Lib\site-packages\billiard\queues.py", line 394, in get_payload
    with self._rlock:
  File "C:\Users\Mercy\movieapi\env\Lib\site-packages\billiard\synchronize.py", line 115, in __enter__
    return self._semlock.__enter__()
           ^^^^^^^^^^^^^^^^^^^^^^^^^
PermissionError: [WinError 5] Access is denied

During handling of the above exception, another exception occurred:

Traceback (most recent call last):
  File "C:\Users\Mercy\movieapi\env\Lib\site-packages\billiard\pool.py", line 351, in workloop
    req = wait_for_job()
          ^^^^^^^^^^^^^^
  File "C:\Users\Mercy\movieapi\env\Lib\site-packages\billiard\pool.py", line 480, in receive
    raise SystemExit(EX_FAILURE)
SystemExit: 1

During handling of the above exception, another exception occurred:

Traceback (most recent call last):
  File "C:\Users\Mercy\movieapi\env\Lib\site-packages\billiard\pool.py", line 292, in __call__
    sys.exit(self.workloop(pid=pid))
             ^^^^^^^^^^^^^^^^^^^^^^
  File "C:\Users\Mercy\movieapi\env\Lib\site-packages\billiard\pool.py", line 396, in workloop
    self._ensure_messages_consumed(completed=completed)
  File "C:\Users\Mercy\movieapi\env\Lib\site-packages\billiard\pool.py", line 406, in _ensure_messages_consumed
    if self.on_ready_counter.value >= completed:
       ^^^^^^^^^^^^^^^^^^^^^^^^^^^
  File "<string>", line 7, in getvalue
OSError: [WinError 6] The handle is invalid
[2024-11-25 19:52:54,873: ERROR/SpawnPoolWorker-2] Pool process <billiard.pool.Worker object at 0x000001B11F95FE00> error: OSError(9, 'The handle is invalid', None, 6, None)
Traceback (most recent call last):
  File "C:\Users\Mercy\movieapi\env\Lib\site-packages\billiard\pool.py", line 473, in receive
    ready, req = _receive(1.0)
                 ^^^^^^^^^^^^^
  File "C:\Users\Mercy\movieapi\env\Lib\site-packages\billiard\pool.py", line 445, in _recv
    return True, loads(get_payload())
                       ^^^^^^^^^^^^^
  File "C:\Users\Mercy\movieapi\env\Lib\site-packages\billiard\queues.py", line 394, in get_payload
    with self._rlock:
  File "C:\Users\Mercy\movieapi\env\Lib\site-packages\billiard\synchronize.py", line 115, in __enter__
    return self._semlock.__enter__()
           ^^^^^^^^^^^^^^^^^^^^^^^^^
PermissionError: [WinError 5] Access is denied

During handling of the above exception, another exception occurred:

Traceback (most recent call last):
  File "C:\Users\Mercy\movieapi\env\Lib\site-packages\billiard\pool.py", line 351, in workloop
    req = wait_for_job()
          ^^^^^^^^^^^^^^
  File "C:\Users\Mercy\movieapi\env\Lib\site-packages\billiard\pool.py", line 480, in receive
    raise SystemExit(EX_FAILURE)
SystemExit: 1

During handling of the above exception, another exception occurred:

Traceback (most recent call last):
  File "C:\Users\Mercy\movieapi\env\Lib\site-packages\billiard\pool.py", line 292, in __call__
    sys.exit(self.workloop(pid=pid))
             ^^^^^^^^^^^^^^^^^^^^^^
  File "C:\Users\Mercy\movieapi\env\Lib\site-packages\billiard\pool.py", line 396, in workloop
    self._ensure_messages_consumed(completed=completed)
  File "C:\Users\Mercy\movieapi\env\Lib\site-packages\billiard\pool.py", line 406, in _ensure_messages_consumed
    if self.on_ready_counter.value >= completed:
       ^^^^^^^^^^^^^^^^^^^^^^^^^^^
  File "<string>", line 7, in getvalue
OSError: [WinError 6] The handle is invalid
[2024-11-25 19:52:55,419: DEBUG/MainProcess] Timer wake-up! Next ETA 0.6719999999913853 secs.
[2024-11-25 19:52:55,474: ERROR/MainProcess] Process 'SpawnPoolWorker-2' pid:1412 exited with 'exitcode 1'
[2024-11-25 19:52:56,092: DEBUG/MainProcess] Timer wake-up! Next ETA 0.32800000000861473 secs.
[2024-11-25 19:52:56,254: INFO/SpawnPoolWorker-9] child process 24180 calling self.run()
[2024-11-25 19:52:56,421: DEBUG/MainProcess] Timer wake-up! Next ETA 1.0 secs.
[2024-11-25 19:52:57,423: DEBUG/MainProcess] Timer wake-up! Next ETA 1.0 secs.
[2024-11-25 19:52:57,933: DEBUG/SpawnPoolWorker-9] 
def chord(self, header, body, partial_args=0, interval=1, countdown=2, max_retries=3, eager=4, **kwargs):
    return 1

[2024-11-25 19:52:57,933: DEBUG/SpawnPoolWorker-9] 
def chunks(task, it, n):
    return 1

[2024-11-25 19:52:57,933: DEBUG/SpawnPoolWorker-9] 
def unlock_chord(self, group_id, callback, interval=0, max_retries=1, result=2, Result=3, GroupResult=4, result_from_tuple=5, **kwargs):
    return 1

[2024-11-25 19:52:57,933: DEBUG/SpawnPoolWorker-9] 
def fetch_and_store_movies(start_page=0, end_page=1):
    return 1

[2024-11-25 19:52:57,933: DEBUG/SpawnPoolWorker-9] 
def backend_cleanup():
    return 1

[2024-11-25 19:52:57,933: DEBUG/SpawnPoolWorker-9] 
def group(self, tasks, result, group_id, partial_args, add_to_parent=0):
    return 1

[2024-11-25 19:52:57,933: DEBUG/SpawnPoolWorker-9] 
def xmap(task, it):
    return 1

[2024-11-25 19:52:57,933: DEBUG/SpawnPoolWorker-9] 
def debug_task(self):
    return 1

[2024-11-25 19:52:57,933: DEBUG/SpawnPoolWorker-9] 
def accumulate(self, *args, **kwargs):
    return 1

[2024-11-25 19:52:57,939: DEBUG/SpawnPoolWorker-9] 
def chain(*args, **kwargs):
    return 1

[2024-11-25 19:52:57,939: DEBUG/SpawnPoolWorker-9] 
def xstarmap(task, it):
    return 1

[2024-11-25 19:52:58,424: DEBUG/MainProcess] Timer wake-up! Next ETA 1.0 secs.
[2024-11-25 19:52:59,426: DEBUG/MainProcess] Timer wake-up! Next ETA 0.9839999999967404 secs.
[2024-11-25 19:53:00,412: DEBUG/MainProcess] Timer wake-up! Next ETA 0.6719999999913853 secs.
[2024-11-25 19:53:01,087: DEBUG/MainProcess] Timer wake-up! Next ETA 1.0 secs.
[2024-11-25 19:53:02,089: DEBUG/MainProcess] Timer wake-up! Next ETA 0.32800000000861473 secs.
[2024-11-25 19:53:02,420: DEBUG/MainProcess] Timer wake-up! Next ETA 1.0 secs.
[2024-11-25 19:53:03,425: DEBUG/MainProcess] Timer wake-up! Next ETA 1.0 secs.
[2024-11-25 19:53:04,429: DEBUG/MainProcess] Timer wake-up! Next ETA 1.0 secs.
[2024-11-25 19:53:05,431: DEBUG/MainProcess] Timer wake-up! Next ETA 0.6559999999881256 secs.
[2024-11-25 19:53:06,087: DEBUG/MainProcess] Timer wake-up! Next ETA 0.34400000001187436 secs.
[2024-11-25 19:53:06,436: DEBUG/MainProcess] Timer wake-up! Next ETA 1.0 secs.
[2024-11-25 19:53:07,438: DEBUG/MainProcess] Timer wake-up! Next ETA 1.0 secs.
[2024-11-25 19:53:08,439: DEBUG/MainProcess] Timer wake-up! Next ETA 1.0 secs.
[2024-11-25 19:53:09,444: DEBUG/MainProcess] Timer wake-up! Next ETA 0.9839999999967404 secs.
[2024-11-25 19:53:10,433: DEBUG/MainProcess] Timer wake-up! Next ETA 0.6559999999881256 secs.
[2024-11-25 19:53:11,091: DEBUG/MainProcess] Timer wake-up! Next ETA 1.0 secs.
[2024-11-25 19:53:12,093: DEBUG/MainProcess] Timer wake-up! Next ETA 0.34400000001187436 secs.
[2024-11-25 19:53:12,438: DEBUG/MainProcess] Timer wake-up! Next ETA 1.0 secs.
[2024-11-25 19:53:13,439: DEBUG/MainProcess] Timer wake-up! Next ETA 1.0 secs.
[2024-11-25 19:53:14,441: DEBUG/MainProcess] Timer wake-up! Next ETA 1.0 secs.
[2024-11-25 19:53:15,445: DEBUG/MainProcess] Timer wake-up! Next ETA 0.639999999984866 secs.
[2024-11-25 19:53:16,086: DEBUG/MainProcess] Timer wake-up! Next ETA 0.34400000001187436 secs.
[2024-11-25 19:53:16,436: DEBUG/MainProcess] Timer wake-up! Next ETA 1.0 secs.
[2024-11-25 19:53:17,438: DEBUG/MainProcess] Timer wake-up! Next ETA 1.0 secs.
[2024-11-25 19:53:18,439: DEBUG/MainProcess] Timer wake-up! Next ETA 1.0 secs.
[2024-11-25 19:53:19,443: DEBUG/MainProcess] Timer wake-up! Next ETA 0.9839999999967404 secs.
[2024-11-25 19:53:20,428: DEBUG/MainProcess] Timer wake-up! Next ETA 0.6559999999881256 secs.
[2024-11-25 19:53:21,087: DEBUG/MainProcess] Timer wake-up! Next ETA 1.0 secs.
[2024-11-25 19:53:22,088: DEBUG/MainProcess] Timer wake-up! Next ETA 0.34400000001187436 secs.
[2024-11-25 19:53:22,435: DEBUG/MainProcess] Timer wake-up! Next ETA 1.0 secs.
[2024-11-25 19:53:23,438: DEBUG/MainProcess] Timer wake-up! Next ETA 1.0 secs.
[2024-11-25 19:53:24,442: DEBUG/MainProcess] Timer wake-up! Next ETA 1.0 secs.
[2024-11-25 19:53:25,443: DEBUG/MainProcess] Timer wake-up! Next ETA 0.639999999984866 secs.
[2024-11-25 19:53:26,089: DEBUG/MainProcess] Timer wake-up! Next ETA 0.360000000015134 secs.
[2024-11-25 19:53:26,451: DEBUG/MainProcess] Timer wake-up! Next ETA 1.0 secs.
[2024-11-25 19:53:27,455: DEBUG/MainProcess] Timer wake-up! Next ETA 1.0 secs.
[2024-11-25 19:53:28,456: DEBUG/MainProcess] Timer wake-up! Next ETA 1.0 secs.
[2024-11-25 19:53:29,459: DEBUG/MainProcess] Timer wake-up! Next ETA 0.985000000015134 secs.
[2024-11-25 19:53:30,446: DEBUG/MainProcess] Timer wake-up! Next ETA 0.639999999984866 secs.
[2024-11-25 19:53:31,088: DEBUG/MainProcess] Timer wake-up! Next ETA 1.0 secs.
[2024-11-25 19:53:32,089: DEBUG/MainProcess] Timer wake-up! Next ETA 0.360000000015134 secs.
[2024-11-25 19:53:32,451: DEBUG/MainProcess] Timer wake-up! Next ETA 1.0 secs.
[2024-11-25 19:53:33,453: DEBUG/MainProcess] Timer wake-up! Next ETA 1.0 secs.
[2024-11-25 19:53:34,457: DEBUG/MainProcess] Timer wake-up! Next ETA 1.0 secs.
[2024-11-25 19:53:35,459: DEBUG/MainProcess] Timer wake-up! Next ETA 0.625 secs.
[2024-11-25 19:53:36,086: DEBUG/MainProcess] Timer wake-up! Next ETA 0.360000000015134 secs.
[2024-11-25 19:53:36,450: DEBUG/MainProcess] Timer wake-up! Next ETA 1.0 secs.
[2024-11-25 19:53:37,455: DEBUG/MainProcess] Timer wake-up! Next ETA 1.0 secs.
[2024-11-25 19:53:38,458: DEBUG/MainProcess] Timer wake-up! Next ETA 1.0 secs.
[2024-11-25 19:53:39,460: DEBUG/MainProcess] Timer wake-up! Next ETA 1.0 secs.
[2024-11-25 19:53:40,463: DEBUG/MainProcess] Timer wake-up! Next ETA 0.625 secs.
[2024-11-25 19:53:41,089: DEBUG/MainProcess] Timer wake-up! Next ETA 1.0 secs.
[2024-11-25 19:53:42,090: DEBUG/MainProcess] Timer wake-up! Next ETA 0.375 secs.
[2024-11-25 19:53:42,466: DEBUG/MainProcess] Timer wake-up! Next ETA 1.0 secs.
[2024-11-25 19:53:43,468: DEBUG/MainProcess] Timer wake-up! Next ETA 1.0 secs.
[2024-11-25 19:53:44,470: DEBUG/MainProcess] Timer wake-up! Next ETA 1.0 secs.
[2024-11-25 19:53:45,473: DEBUG/MainProcess] Timer wake-up! Next ETA 0.6089999999967404 secs.
[2024-11-25 19:53:46,084: DEBUG/MainProcess] Timer wake-up! Next ETA 0.375 secs.
[2024-11-25 19:53:46,461: DEBUG/MainProcess] Timer wake-up! Next ETA 1.0 secs.
[2024-11-25 19:53:47,465: DEBUG/MainProcess] Timer wake-up! Next ETA 1.0 secs.
[2024-11-25 19:53:48,466: DEBUG/MainProcess] Timer wake-up! Next ETA 1.0 secs.
[2024-11-25 19:53:49,469: DEBUG/MainProcess] Timer wake-up! Next ETA 1.0 secs.
[2024-11-25 19:53:50,470: DEBUG/MainProcess] Timer wake-up! Next ETA 0.625 secs.
[2024-11-25 19:53:51,098: DEBUG/MainProcess] Timer wake-up! Next ETA 1.0 secs.
[2024-11-25 19:53:52,099: DEBUG/MainProcess] Timer wake-up! Next ETA 0.35899999999674037 secs.
[2024-11-25 19:53:52,459: DEBUG/MainProcess] Timer wake-up! Next ETA 1.0 secs.
[2024-11-25 19:53:53,462: DEBUG/MainProcess] Timer wake-up! Next ETA 1.0 secs.
[2024-11-25 19:53:54,465: DEBUG/MainProcess] Timer wake-up! Next ETA 1.0 secs.
[2024-11-25 19:53:55,467: DEBUG/MainProcess] Timer wake-up! Next ETA 0.6410000000032596 secs.
[2024-11-25 19:53:56,109: DEBUG/MainProcess] Timer wake-up! Next ETA 0.35899999999674037 secs.
[2024-11-25 19:53:56,470: DEBUG/MainProcess] Timer wake-up! Next ETA 1.0 secs.
[2024-11-25 19:53:57,473: DEBUG/MainProcess] Timer wake-up! Next ETA 0.9839999999967404 secs.
[2024-11-25 19:53:58,458: DEBUG/MainProcess] Timer wake-up! Next ETA 1.0 secs.
[2024-11-25 19:53:59,460: DEBUG/MainProcess] Timer wake-up! Next ETA 1.0 secs.
[2024-11-25 19:54:00,463: DEBUG/MainProcess] Timer wake-up! Next ETA 0.6410000000032596 secs.
[2024-11-25 19:54:01,105: DEBUG/MainProcess] Timer wake-up! Next ETA 1.0 secs.
[2024-11-25 19:54:02,106: DEBUG/MainProcess] Timer wake-up! Next ETA 0.35899999999674037 secs.
[2024-11-25 19:54:02,467: DEBUG/MainProcess] Timer wake-up! Next ETA 1.0 secs.
[2024-11-25 19:54:03,470: DEBUG/MainProcess] Timer wake-up! Next ETA 1.0 secs.
[2024-11-25 19:54:04,474: DEBUG/MainProcess] Timer wake-up! Next ETA 1.0 secs.
[2024-11-25 19:54:05,475: DEBUG/MainProcess] Timer wake-up! Next ETA 0.625 secs.
[2024-11-25 19:54:06,101: DEBUG/MainProcess] Timer wake-up! Next ETA 0.375 secs.
[2024-11-25 19:54:06,479: DEBUG/MainProcess] Timer wake-up! Next ETA 1.0 secs.
[2024-11-25 19:54:07,480: DEBUG/MainProcess] Timer wake-up! Next ETA 1.0 secs.
[2024-11-25 19:54:08,487: DEBUG/MainProcess] Timer wake-up! Next ETA 1.0 secs.
[2024-11-25 19:54:09,489: DEBUG/MainProcess] Timer wake-up! Next ETA 0.9839999999967404 secs.
[2024-11-25 19:54:10,474: DEBUG/MainProcess] Timer wake-up! Next ETA 0.625 secs.
[2024-11-25 19:54:11,103: DEBUG/MainProcess] Timer wake-up! Next ETA 1.0 secs.
[2024-11-25 19:54:12,103: DEBUG/MainProcess] Timer wake-up! Next ETA 0.375 secs.
[2024-11-25 19:54:12,479: DEBUG/MainProcess] Timer wake-up! Next ETA 1.0 secs.
[2024-11-25 19:54:13,481: DEBUG/MainProcess] Timer wake-up! Next ETA 1.0 secs.
[2024-11-25 19:54:14,482: DEBUG/MainProcess] Timer wake-up! Next ETA 1.0 secs.
[2024-11-25 19:54:15,487: DEBUG/MainProcess] Timer wake-up! Next ETA 0.625 secs.
[2024-11-25 19:54:16,114: DEBUG/MainProcess] Timer wake-up! Next ETA 0.35899999999674037 secs.
[2024-11-25 19:54:16,476: DEBUG/MainProcess] Timer wake-up! Next ETA 1.0 secs.
[2024-11-25 19:54:17,481: DEBUG/MainProcess] Timer wake-up! Next ETA 1.0 secs.
[2024-11-25 19:54:18,484: DEBUG/MainProcess] Timer wake-up! Next ETA 1.0 secs.
[2024-11-25 19:54:19,486: DEBUG/MainProcess] Timer wake-up! Next ETA 1.0 secs.
[2024-11-25 19:54:20,488: DEBUG/MainProcess] Timer wake-up! Next ETA 0.625 secs.
[2024-11-25 19:54:21,117: DEBUG/MainProcess] Timer wake-up! Next ETA 1.0 secs.
[2024-11-25 19:54:22,118: DEBUG/MainProcess] Timer wake-up! Next ETA 0.375 secs.
[2024-11-25 19:54:22,494: DEBUG/MainProcess] Timer wake-up! Next ETA 1.0 secs.
[2024-11-25 19:54:23,499: DEBUG/MainProcess] Timer wake-up! Next ETA 1.0 secs.
[2024-11-25 19:54:24,501: DEBUG/MainProcess] Timer wake-up! Next ETA 1.0 secs.
[2024-11-25 19:54:25,506: DEBUG/MainProcess] Timer wake-up! Next ETA 0.6099999999860302 secs.
[2024-11-25 19:54:26,118: DEBUG/MainProcess] Timer wake-up! Next ETA 0.375 secs.
[2024-11-25 19:54:26,494: DEBUG/MainProcess] Timer wake-up! Next ETA 1.0 secs.
[2024-11-25 19:54:27,499: DEBUG/MainProcess] Timer wake-up! Next ETA 1.0 secs.
[2024-11-25 19:54:28,504: DEBUG/MainProcess] Timer wake-up! Next ETA 1.0 secs.
[2024-11-25 19:54:29,506: DEBUG/MainProcess] Timer wake-up! Next ETA 1.0 secs.
[2024-11-25 19:54:30,508: DEBUG/MainProcess] Timer wake-up! Next ETA 0.6099999999860302 secs.
[2024-11-25 19:54:31,122: DEBUG/MainProcess] Timer wake-up! Next ETA 1.0 secs.
[2024-11-25 19:54:32,123: DEBUG/MainProcess] Timer wake-up! Next ETA 0.39000000001396984 secs.
[2024-11-25 19:54:32,517: DEBUG/MainProcess] Timer wake-up! Next ETA 1.0 secs.
[2024-11-25 19:54:33,520: DEBUG/MainProcess] Timer wake-up! Next ETA 0.9840000000258442 secs.
[2024-11-25 19:54:34,509: DEBUG/MainProcess] Timer wake-up! Next ETA 1.0 secs.
[2024-11-25 19:54:35,512: DEBUG/MainProcess] Timer wake-up! Next ETA 0.6099999999860302 secs.
[2024-11-25 19:54:36,123: DEBUG/MainProcess] Timer wake-up! Next ETA 0.39000000001396984 secs.
[2024-11-25 19:54:36,513: DEBUG/MainProcess] Timer wake-up! Next ETA 1.0 secs.
[2024-11-25 19:54:37,515: DEBUG/MainProcess] Timer wake-up! Next ETA 1.0 secs.
[2024-11-25 19:54:38,517: DEBUG/MainProcess] Timer wake-up! Next ETA 1.0 secs.
[2024-11-25 19:54:39,519: DEBUG/MainProcess] Timer wake-up! Next ETA 0.9840000000258442 secs.
[2024-11-25 19:54:40,506: DEBUG/MainProcess] Timer wake-up! Next ETA 0.6099999999860302 secs.
[2024-11-25 19:54:41,120: DEBUG/MainProcess] Timer wake-up! Next ETA 1.0 secs.
[2024-11-25 19:54:42,121: DEBUG/MainProcess] Timer wake-up! Next ETA 0.39000000001396984 secs.
[2024-11-25 19:54:42,512: DEBUG/MainProcess] Timer wake-up! Next ETA 1.0 secs.
[2024-11-25 19:54:43,514: DEBUG/MainProcess] Timer wake-up! Next ETA 1.0 secs.
[2024-11-25 19:54:44,516: DEBUG/MainProcess] Timer wake-up! Next ETA 1.0 secs.
[2024-11-25 19:54:45,518: DEBUG/MainProcess] Timer wake-up! Next ETA 0.6099999999860302 secs.
[2024-11-25 19:54:46,130: DEBUG/MainProcess] Timer wake-up! Next ETA 0.375 secs.
[2024-11-25 19:54:46,507: DEBUG/MainProcess] Timer wake-up! Next ETA 1.0 secs.
[2024-11-25 19:54:47,510: DEBUG/MainProcess] Timer wake-up! Next ETA 1.0 secs.
[2024-11-25 19:54:48,512: DEBUG/MainProcess] Timer wake-up! Next ETA 1.0 secs.
[2024-11-25 19:54:49,513: DEBUG/MainProcess] Timer wake-up! Next ETA 1.0 secs.
[2024-11-25 19:54:50,521: DEBUG/MainProcess] Timer wake-up! Next ETA 0.6090000000258442 secs.
[2024-11-25 19:54:51,132: DEBUG/MainProcess] Timer wake-up! Next ETA 1.0 secs.
[2024-11-25 19:54:52,134: DEBUG/MainProcess] Timer wake-up! Next ETA 0.3909999999741558 secs.
[2024-11-25 19:54:52,527: DEBUG/MainProcess] Timer wake-up! Next ETA 1.0 secs.
[2024-11-25 19:54:53,530: DEBUG/MainProcess] Timer wake-up! Next ETA 1.0 secs.
[2024-11-25 19:54:54,238: INFO/MainProcess] Task movies.tasks.fetch_and_store_movies[687b9e67-b495-4cd2-b201-bab1cd16ee46] received
[2024-11-25 19:54:54,238: DEBUG/MainProcess] TaskPool: Apply <function fast_trace_task at 0x000001AABE8858A0> (args:('movies.tasks.fetch_and_store_movies', '687b9e67-b495-4cd2-b201-bab1cd16ee46', {'lang': 'py', 'task': 'movies.tasks.fetch_and_store_movies', 'id': '687b9e67-b495-4cd2-b201-bab1cd16ee46', 'shadow': None, 'eta': None, 'expires': None, 'group': None, 'group_index': None, 'retries': 0, 'timelimit': [None, None], 'root_id': '687b9e67-b495-4cd2-b201-bab1cd16ee46', 'parent_id': None, 'argsrepr': '()', 'kwargsrepr': "{'start_page': 1, 'end_page': 10}", 'origin': 'gen15648@Mercy-DESKTOP-2S9KQHH', 'ignore_result': False, 'replaced_task_nesting': 0, 'stamped_headers': None, 'stamps': {}, 'properties': {'correlation_id': '687b9e67-b495-4cd2-b201-bab1cd16ee46', 'reply_to': '1c31ebea-1a4f-3854-9041-320ea50c3042', 'delivery_mode': 2, 'delivery_info': {'exchange': '', 'routing_key': 'celery'}, 'priority': 0, 'body_encoding': 'base64', 'delivery_tag': '76a1ddc9-5ceb-4e52-a2f8-73064e35b521'}, 'reply_to': '1c31ebea-1a4f-3854-9041-320ea50c3042', 'correlation_id': '687b9e67-b495-4cd2-b201-bab1cd16ee46', 'hostname':... kwargs:{})
[2024-11-25 19:54:54,533: DEBUG/MainProcess] Timer wake-up! Next ETA 1.0 secs.
[2024-11-25 19:54:55,536: DEBUG/MainProcess] Timer wake-up! Next ETA 0.5940000000118744 secs.
[2024-11-25 19:54:56,132: DEBUG/MainProcess] Timer wake-up! Next ETA 0.3909999999741558 secs.
[2024-11-25 19:54:56,527: DEBUG/MainProcess] Timer wake-up! Next ETA 1.0 secs.
[2024-11-25 19:54:57,529: DEBUG/MainProcess] Timer wake-up! Next ETA 1.0 secs.
[2024-11-25 19:54:58,531: DEBUG/MainProcess] Timer wake-up! Next ETA 1.0 secs.
[2024-11-25 19:54:59,534: DEBUG/MainProcess] Timer wake-up! Next ETA 1.0 secs.
[2024-11-25 19:55:00,539: DEBUG/MainProcess] Timer wake-up! Next ETA 0.5940000000118744 secs.
[2024-11-25 19:55:01,134: DEBUG/MainProcess] Timer wake-up! Next ETA 1.0 secs.
[2024-11-25 19:55:02,136: DEBUG/MainProcess] Timer wake-up! Next ETA 0.40599999998812564 secs.
[2024-11-25 19:55:02,543: DEBUG/MainProcess] Timer wake-up! Next ETA 1.0 secs.
[2024-11-25 19:55:03,547: DEBUG/MainProcess] Timer wake-up! Next ETA 1.0 secs.
[2024-11-25 19:55:04,551: DEBUG/MainProcess] Timer wake-up! Next ETA 1.0 secs.
[2024-11-25 19:55:05,553: DEBUG/MainProcess] Timer wake-up! Next ETA 0.5780000000086147 secs.
[2024-11-25 19:55:06,132: DEBUG/MainProcess] Timer wake-up! Next ETA 0.42199999999138527 secs.
[2024-11-25 19:55:06,559: DEBUG/MainProcess] Timer wake-up! Next ETA 1.0 secs.
[2024-11-25 19:55:07,562: DEBUG/MainProcess] Timer wake-up! Next ETA 1.0 secs.
[2024-11-25 19:55:08,567: DEBUG/MainProcess] Timer wake-up! Next ETA 1.0 secs.
[2024-11-25 19:55:09,569: DEBUG/MainProcess] Timer wake-up! Next ETA 1.0 secs.
[2024-11-25 19:55:10,571: DEBUG/MainProcess] Timer wake-up! Next ETA 0.5620000000053551 secs.
[2024-11-25 19:55:11,139: DEBUG/MainProcess] Timer wake-up! Next ETA 1.0 secs.
[2024-11-25 19:55:12,140: DEBUG/MainProcess] Timer wake-up! Next ETA 0.4379999999946449 secs.
[2024-11-25 19:55:12,583: DEBUG/MainProcess] Timer wake-up! Next ETA 1.0 secs.
[2024-11-25 19:55:13,585: DEBUG/MainProcess] Timer wake-up! Next ETA 1.0 secs.
[2024-11-25 19:55:14,587: DEBUG/MainProcess] Timer wake-up! Next ETA 1.0 secs.
[2024-11-25 19:55:15,592: DEBUG/MainProcess] Timer wake-up! Next ETA 0.5470000000204891 secs.
[2024-11-25 19:55:16,140: DEBUG/MainProcess] Timer wake-up! Next ETA 0.4529999999795109 secs.
[2024-11-25 19:55:16,594: DEBUG/MainProcess] Timer wake-up! Next ETA 1.0 secs.
[2024-11-25 19:55:17,596: DEBUG/MainProcess] Timer wake-up! Next ETA 1.0 secs.
[2024-11-25 19:55:18,597: DEBUG/MainProcess] Timer wake-up! Next ETA 1.0 secs.
[2024-11-25 19:55:19,603: DEBUG/MainProcess] Timer wake-up! Next ETA 1.0 secs.
[2024-11-25 19:55:20,605: DEBUG/MainProcess] Timer wake-up! Next ETA 0.5310000000172295 secs.
[2024-11-25 19:55:21,138: DEBUG/MainProcess] Timer wake-up! Next ETA 1.0 secs.
[2024-11-25 19:55:22,139: DEBUG/MainProcess] Timer wake-up! Next ETA 0.46899999998277053 secs.
[2024-11-25 19:55:22,612: DEBUG/MainProcess] Timer wake-up! Next ETA 1.0 secs.
[2024-11-25 19:55:23,615: DEBUG/MainProcess] Timer wake-up! Next ETA 0.9839999999967404 secs.
[2024-11-25 19:55:24,603: DEBUG/MainProcess] Timer wake-up! Next ETA 1.0 secs.
[2024-11-25 19:55:25,605: DEBUG/MainProcess] Timer wake-up! Next ETA 0.5310000000172295 secs.
[2024-11-25 19:55:26,138: DEBUG/MainProcess] Timer wake-up! Next ETA 0.46899999998277053 secs.
[2024-11-25 19:55:26,621: DEBUG/MainProcess] Timer wake-up! Next ETA 1.0 secs.
[2024-11-25 19:55:27,623: DEBUG/MainProcess] Timer wake-up! Next ETA 1.0 secs.
[2024-11-25 19:55:28,633: DEBUG/MainProcess] Timer wake-up! Next ETA 1.0 secs.
[2024-11-25 19:55:29,634: DEBUG/MainProcess] Timer wake-up! Next ETA 1.0 secs.
[2024-11-25 19:55:30,639: DEBUG/MainProcess] Timer wake-up! Next ETA 0.5 secs.
[2024-11-25 19:55:31,141: DEBUG/MainProcess] Timer wake-up! Next ETA 1.0 secs.
[2024-11-25 19:55:32,143: DEBUG/MainProcess] Timer wake-up! Next ETA 0.5 secs.
[2024-11-25 19:55:32,645: DEBUG/MainProcess] Timer wake-up! Next ETA 1.0 secs.
[2024-11-25 19:55:33,647: DEBUG/MainProcess] Timer wake-up! Next ETA 1.0 secs.
[2024-11-25 19:55:34,648: DEBUG/MainProcess] Timer wake-up! Next ETA 1.0 secs.
[2024-11-25 19:55:35,650: DEBUG/MainProcess] Timer wake-up! Next ETA 0.4840000000258442 secs.
[2024-11-25 19:55:36,135: DEBUG/MainProcess] Timer wake-up! Next ETA 0.5159999999741558 secs.
[2024-11-25 19:55:36,664: DEBUG/MainProcess] Timer wake-up! Next ETA 1.0 secs.
[2024-11-25 19:55:37,672: DEBUG/MainProcess] Timer wake-up! Next ETA 1.0 secs.
[2024-11-25 19:55:38,674: DEBUG/MainProcess] Timer wake-up! Next ETA 1.0 secs.
[2024-11-25 19:55:39,677: DEBUG/MainProcess] Timer wake-up! Next ETA 0.9839999999967404 secs.
[2024-11-25 19:55:40,666: DEBUG/MainProcess] Timer wake-up! Next ETA 0.46900000001187436 secs.
[2024-11-25 19:55:41,137: DEBUG/MainProcess] Timer wake-up! Next ETA 1.0 secs.
[2024-11-25 19:55:42,139: DEBUG/MainProcess] Timer wake-up! Next ETA 0.5309999999881256 secs.
[2024-11-25 19:55:42,672: DEBUG/MainProcess] Timer wake-up! Next ETA 1.0 secs.
[2024-11-25 19:55:43,675: DEBUG/MainProcess] Timer wake-up! Next ETA 1.0 secs.
[2024-11-25 19:55:44,678: DEBUG/MainProcess] Timer wake-up! Next ETA 1.0 secs.
[2024-11-25 19:55:45,679: DEBUG/MainProcess] Timer wake-up! Next ETA 0.45300000000861473 secs.
[2024-11-25 19:55:46,136: DEBUG/MainProcess] Timer wake-up! Next ETA 0.5469999999913853 secs.
[2024-11-25 19:55:46,685: DEBUG/MainProcess] Timer wake-up! Next ETA 1.0 secs.
[2024-11-25 19:55:47,686: DEBUG/MainProcess] Timer wake-up! Next ETA 1.0 secs.
[2024-11-25 19:55:48,688: DEBUG/MainProcess] Timer wake-up! Next ETA 1.0 secs.
[2024-11-25 19:55:49,692: DEBUG/MainProcess] Timer wake-up! Next ETA 0.9839999999967404 secs.
[2024-11-25 19:55:50,682: DEBUG/MainProcess] Timer wake-up! Next ETA 0.45300000000861473 secs.
[2024-11-25 19:55:51,136: DEBUG/MainProcess] Timer wake-up! Next ETA 1.0 secs.
[2024-11-25 19:55:52,139: DEBUG/MainProcess] Timer wake-up! Next ETA 0.5469999999913853 secs.
[2024-11-25 19:55:52,687: DEBUG/MainProcess] Timer wake-up! Next ETA 1.0 secs.
[2024-11-25 19:55:53,691: DEBUG/MainProcess] Timer wake-up! Next ETA 0.9839999999967404 secs.
[2024-11-25 19:55:54,677: DEBUG/MainProcess] Timer wake-up! Next ETA 1.0 secs.
[2024-11-25 19:55:55,679: DEBUG/MainProcess] Timer wake-up! Next ETA 0.45300000000861473 secs.
[2024-11-25 19:55:56,133: DEBUG/MainProcess] Timer wake-up! Next ETA 0.5469999999913853 secs.
[2024-11-25 19:55:56,681: DEBUG/MainProcess] Timer wake-up! Next ETA 1.0 secs.
[2024-11-25 19:55:57,683: DEBUG/MainProcess] Timer wake-up! Next ETA 1.0 secs.
[2024-11-25 19:55:58,684: DEBUG/MainProcess] Timer wake-up! Next ETA 1.0 secs.
[2024-11-25 19:55:59,686: DEBUG/MainProcess] Timer wake-up! Next ETA 1.0 secs.
[2024-11-25 19:56:00,689: DEBUG/MainProcess] Timer wake-up! Next ETA 0.45300000000861473 secs.
[2024-11-25 19:56:01,145: DEBUG/MainProcess] Timer wake-up! Next ETA 1.0 secs.
[2024-11-25 19:56:02,145: DEBUG/MainProcess] Timer wake-up! Next ETA 0.5310000000172295 secs.
[2024-11-25 19:56:02,680: DEBUG/MainProcess] Timer wake-up! Next ETA 1.0 secs.
[2024-11-25 19:56:03,683: DEBUG/MainProcess] Timer wake-up! Next ETA 1.0 secs.
[2024-11-25 19:56:04,687: DEBUG/MainProcess] Timer wake-up! Next ETA 1.0 secs.
[2024-11-25 19:56:05,689: DEBUG/MainProcess] Timer wake-up! Next ETA 0.46899999998277053 secs.
[2024-11-25 19:56:06,160: DEBUG/MainProcess] Timer wake-up! Next ETA 0.5160000000032596 secs.
[2024-11-25 19:56:06,679: DEBUG/MainProcess] Timer wake-up! Next ETA 1.0 secs.
[2024-11-25 19:56:07,681: DEBUG/MainProcess] Timer wake-up! Next ETA 1.0 secs.
[2024-11-25 19:56:08,683: DEBUG/MainProcess] Timer wake-up! Next ETA 1.0 secs.
[2024-11-25 19:56:09,688: DEBUG/MainProcess] Timer wake-up! Next ETA 1.0 secs.
[2024-11-25 19:56:10,691: DEBUG/MainProcess] Timer wake-up! Next ETA 0.46799999999348074 secs.
[2024-11-25 19:56:11,165: DEBUG/MainProcess] Timer wake-up! Next ETA 1.0 secs.
[2024-11-25 19:56:12,166: DEBUG/MainProcess] Timer wake-up! Next ETA 0.5320000000065193 secs.
[2024-11-25 19:56:12,699: DEBUG/MainProcess] Timer wake-up! Next ETA 1.0 secs.
[2024-11-25 19:56:13,704: DEBUG/MainProcess] Timer wake-up! Next ETA 1.0 secs.
[2024-11-25 19:56:14,705: DEBUG/MainProcess] Timer wake-up! Next ETA 1.0 secs.
[2024-11-25 19:56:15,708: DEBUG/MainProcess] Timer wake-up! Next ETA 0.45300000000861473 secs.
[2024-11-25 19:56:16,163: DEBUG/MainProcess] Timer wake-up! Next ETA 0.5320000000065193 secs.
[2024-11-25 19:56:16,699: DEBUG/MainProcess] Timer wake-up! Next ETA 1.0 secs.
[2024-11-25 19:56:17,702: DEBUG/MainProcess] Timer wake-up! Next ETA 1.0 secs.
[2024-11-25 19:56:18,706: DEBUG/MainProcess] Timer wake-up! Next ETA 1.0 secs.
[2024-11-25 19:56:19,707: DEBUG/MainProcess] Timer wake-up! Next ETA 0.985000000015134 secs.
[2024-11-25 19:56:20,698: DEBUG/MainProcess] Timer wake-up! Next ETA 0.46799999999348074 secs.
[2024-11-25 19:56:21,168: DEBUG/MainProcess] Timer wake-up! Next ETA 1.0 secs.
[2024-11-25 19:56:22,170: DEBUG/MainProcess] Timer wake-up! Next ETA 0.5320000000065193 secs.
[2024-11-25 19:56:22,705: DEBUG/MainProcess] Timer wake-up! Next ETA 1.0 secs.
[2024-11-25 19:56:23,720: DEBUG/MainProcess] Timer wake-up! Next ETA 0.985000000015134 secs.
[2024-11-25 19:56:24,710: DEBUG/MainProcess] Timer wake-up! Next ETA 1.0 secs.
[2024-11-25 19:56:25,713: DEBUG/MainProcess] Timer wake-up! Next ETA 0.45300000000861473 secs.
[2024-11-25 19:56:26,167: DEBUG/MainProcess] Timer wake-up! Next ETA 0.5469999999913853 secs.
[2024-11-25 19:56:26,715: DEBUG/MainProcess] Timer wake-up! Next ETA 1.0 secs.
[2024-11-25 19:56:27,720: DEBUG/MainProcess] Timer wake-up! Next ETA 1.0 secs.
[2024-11-25 19:56:28,724: DEBUG/MainProcess] Timer wake-up! Next ETA 1.0 secs.
[2024-11-25 19:56:29,724: DEBUG/MainProcess] Timer wake-up! Next ETA 1.0 secs.
[2024-11-25 19:56:30,726: DEBUG/MainProcess] Timer wake-up! Next ETA 0.4370000000053551 secs.
[2024-11-25 19:56:31,165: DEBUG/MainProcess] Timer wake-up! Next ETA 1.0 secs.
[2024-11-25 19:56:32,167: DEBUG/MainProcess] Timer wake-up! Next ETA 0.5629999999946449 secs.
[2024-11-25 19:56:32,732: DEBUG/MainProcess] Timer wake-up! Next ETA 1.0 secs.
[2024-11-25 19:56:33,736: DEBUG/MainProcess] Timer wake-up! Next ETA 1.0 secs.
[2024-11-25 19:56:34,740: DEBUG/MainProcess] Timer wake-up! Next ETA 1.0 secs.
[2024-11-25 19:56:35,742: DEBUG/MainProcess] Timer wake-up! Next ETA 0.4210000000020955 secs.
[2024-11-25 19:56:36,165: DEBUG/MainProcess] Timer wake-up! Next ETA 0.5789999999979045 secs.
[2024-11-25 19:56:36,749: DEBUG/MainProcess] Timer wake-up! Next ETA 1.0 secs.
[2024-11-25 19:56:37,752: DEBUG/MainProcess] Timer wake-up! Next ETA 1.0 secs.
[2024-11-25 19:56:38,758: DEBUG/MainProcess] Timer wake-up! Next ETA 1.0 secs.
[2024-11-25 19:56:39,760: DEBUG/MainProcess] Timer wake-up! Next ETA 1.0 secs.
[2024-11-25 19:56:40,765: DEBUG/MainProcess] Timer wake-up! Next ETA 0.40599999998812564 secs.
[2024-11-25 19:56:41,174: DEBUG/MainProcess] Timer wake-up! Next ETA 1.0 secs.
[2024-11-25 19:56:42,176: DEBUG/MainProcess] Timer wake-up! Next ETA 0.5780000000086147 secs.
[2024-11-25 19:56:42,757: DEBUG/MainProcess] Timer wake-up! Next ETA 1.0 secs.
[2024-11-25 19:56:43,761: DEBUG/MainProcess] Timer wake-up! Next ETA 1.0 secs.
[2024-11-25 19:56:44,766: DEBUG/MainProcess] Timer wake-up! Next ETA 1.0 secs.
[2024-11-25 19:56:45,769: DEBUG/MainProcess] Timer wake-up! Next ETA 0.40599999998812564 secs.
[2024-11-25 19:56:46,177: DEBUG/MainProcess] Timer wake-up! Next ETA 0.5780000000086147 secs.
[2024-11-25 19:56:46,759: DEBUG/MainProcess] Timer wake-up! Next ETA 1.0 secs.
[2024-11-25 19:56:47,762: DEBUG/MainProcess] Timer wake-up! Next ETA 1.0 secs.
[2024-11-25 19:56:48,767: DEBUG/MainProcess] Timer wake-up! Next ETA 1.0 secs.
[2024-11-25 19:56:49,769: DEBUG/MainProcess] Timer wake-up! Next ETA 1.0 secs.
[2024-11-25 19:56:50,770: DEBUG/MainProcess] Timer wake-up! Next ETA 0.40600000001722947 secs.
[2024-11-25 19:56:51,178: DEBUG/MainProcess] Timer wake-up! Next ETA 1.0 secs.
[2024-11-25 19:56:52,180: DEBUG/MainProcess] Timer wake-up! Next ETA 0.5939999999827705 secs.
[2024-11-25 19:56:52,778: DEBUG/MainProcess] Timer wake-up! Next ETA 1.0 secs.
[2024-11-25 19:56:53,781: DEBUG/MainProcess] Timer wake-up! Next ETA 1.0 secs.
[2024-11-25 19:56:54,785: DEBUG/MainProcess] Timer wake-up! Next ETA 1.0 secs.
[2024-11-25 19:56:55,789: DEBUG/MainProcess] Timer wake-up! Next ETA 0.39100000000325963 secs.
[2024-11-25 19:56:56,182: DEBUG/MainProcess] Timer wake-up! Next ETA 0.6089999999967404 secs.
[2024-11-25 19:56:56,793: DEBUG/MainProcess] Timer wake-up! Next ETA 1.0 secs.
[2024-11-25 19:56:57,798: DEBUG/MainProcess] Timer wake-up! Next ETA 1.0 secs.
[2024-11-25 19:56:58,799: DEBUG/MainProcess] Timer wake-up! Next ETA 1.0 secs.
[2024-11-25 19:56:59,802: DEBUG/MainProcess] Timer wake-up! Next ETA 0.9839999999967404 secs.
[2024-11-25 19:57:00,791: DEBUG/MainProcess] Timer wake-up! Next ETA 0.39100000000325963 secs.
[2024-11-25 19:57:01,184: DEBUG/MainProcess] Timer wake-up! Next ETA 1.0 secs.
[2024-11-25 19:57:02,186: DEBUG/MainProcess] Timer wake-up! Next ETA 0.6089999999967404 secs.
[2024-11-25 19:57:02,800: DEBUG/MainProcess] Timer wake-up! Next ETA 1.0 secs.
[2024-11-25 19:57:03,803: DEBUG/MainProcess] Timer wake-up! Next ETA 0.9839999999967404 secs.
[2024-11-25 19:57:04,788: DEBUG/MainProcess] Timer wake-up! Next ETA 1.0 secs.
[2024-11-25 19:57:05,791: DEBUG/MainProcess] Timer wake-up! Next ETA 0.39100000000325963 secs.
[2024-11-25 19:57:06,184: DEBUG/MainProcess] Timer wake-up! Next ETA 0.6089999999967404 secs.
[2024-11-25 19:57:06,797: DEBUG/MainProcess] Timer wake-up! Next ETA 1.0 secs.
[2024-11-25 19:57:07,798: DEBUG/MainProcess] Timer wake-up! Next ETA 1.0 secs.
[2024-11-25 19:57:08,800: DEBUG/MainProcess] Timer wake-up! Next ETA 1.0 secs.
[2024-11-25 19:57:09,804: DEBUG/MainProcess] Timer wake-up! Next ETA 0.9839999999967404 secs.
[2024-11-25 19:57:10,790: DEBUG/MainProcess] Timer wake-up! Next ETA 0.39100000000325963 secs.
[2024-11-25 19:57:11,186: DEBUG/MainProcess] Timer wake-up! Next ETA 1.0 secs.
[2024-11-25 19:57:12,187: DEBUG/MainProcess] Timer wake-up! Next ETA 0.6089999999967404 secs.
[2024-11-25 19:57:12,800: DEBUG/MainProcess] Timer wake-up! Next ETA 1.0 secs.
[2024-11-25 19:57:13,803: DEBUG/MainProcess] Timer wake-up! Next ETA 0.9839999999967404 secs.
[2024-11-25 19:57:14,790: DEBUG/MainProcess] Timer wake-up! Next ETA 1.0 secs.
[2024-11-25 19:57:15,793: DEBUG/MainProcess] Timer wake-up! Next ETA 0.39100000000325963 secs.
[2024-11-25 19:57:16,187: DEBUG/MainProcess] Timer wake-up! Next ETA 0.6089999999967404 secs.
[2024-11-25 19:57:16,797: DEBUG/MainProcess] Timer wake-up! Next ETA 1.0 secs.
[2024-11-25 19:57:17,802: DEBUG/MainProcess] Timer wake-up! Next ETA 0.9839999999967404 secs.
[2024-11-25 19:57:18,788: DEBUG/MainProcess] Timer wake-up! Next ETA 1.0 secs.
[2024-11-25 19:57:19,792: DEBUG/MainProcess] Timer wake-up! Next ETA 1.0 secs.
[2024-11-25 19:57:20,794: DEBUG/MainProcess] Timer wake-up! Next ETA 0.39100000000325963 secs.
[2024-11-25 19:57:21,189: DEBUG/MainProcess] Timer wake-up! Next ETA 1.0 secs.
[2024-11-25 19:57:22,191: DEBUG/MainProcess] Timer wake-up! Next ETA 0.5929999999934807 secs.
[2024-11-25 19:57:22,787: DEBUG/MainProcess] Timer wake-up! Next ETA 1.0 secs.
[2024-11-25 19:57:23,791: DEBUG/MainProcess] Timer wake-up! Next ETA 1.0 secs.
[2024-11-25 19:57:24,797: DEBUG/MainProcess] Timer wake-up! Next ETA 1.0 secs.
[2024-11-25 19:57:25,798: DEBUG/MainProcess] Timer wake-up! Next ETA 0.39100000000325963 secs.
[2024-11-25 19:57:26,190: DEBUG/MainProcess] Timer wake-up! Next ETA 0.6089999999967404 secs.
[2024-11-25 19:57:26,803: DEBUG/MainProcess] Timer wake-up! Next ETA 1.0 secs.
[2024-11-25 19:57:27,805: DEBUG/MainProcess] Timer wake-up! Next ETA 1.0 secs.
[2024-11-25 19:57:28,809: DEBUG/MainProcess] Timer wake-up! Next ETA 1.0 secs.
[2024-11-25 19:57:29,810: DEBUG/MainProcess] Timer wake-up! Next ETA 1.0 secs.
[2024-11-25 19:57:30,813: DEBUG/MainProcess] Timer wake-up! Next ETA 0.375 secs.
[2024-11-25 19:57:31,190: DEBUG/MainProcess] Timer wake-up! Next ETA 1.0 secs.
[2024-11-25 19:57:32,192: DEBUG/MainProcess] Timer wake-up! Next ETA 0.6089999999967404 secs.
[2024-11-25 19:57:32,807: DEBUG/MainProcess] Timer wake-up! Next ETA 1.0 secs.
[2024-11-25 19:57:33,808: DEBUG/MainProcess] Timer wake-up! Next ETA 1.0 secs.
[2024-11-25 19:57:34,810: DEBUG/MainProcess] Timer wake-up! Next ETA 1.0 secs.
[2024-11-25 19:57:35,815: DEBUG/MainProcess] Timer wake-up! Next ETA 0.375 secs.
[2024-11-25 19:57:36,191: DEBUG/MainProcess] Timer wake-up! Next ETA 0.6089999999967404 secs.
[2024-11-25 19:57:36,804: DEBUG/MainProcess] Timer wake-up! Next ETA 1.0 secs.
[2024-11-25 19:57:37,806: DEBUG/MainProcess] Timer wake-up! Next ETA 1.0 secs.
[2024-11-25 19:57:38,808: DEBUG/MainProcess] Timer wake-up! Next ETA 1.0 secs.
[2024-11-25 19:57:39,810: DEBUG/MainProcess] Timer wake-up! Next ETA 1.0 secs.
[2024-11-25 19:57:40,813: DEBUG/MainProcess] Timer wake-up! Next ETA 0.39100000000325963 secs.
[2024-11-25 19:57:41,208: DEBUG/MainProcess] Timer wake-up! Next ETA 1.0 secs.
[2024-11-25 19:57:42,209: DEBUG/MainProcess] Timer wake-up! Next ETA 0.5940000000118744 secs.
[2024-11-25 19:57:42,805: DEBUG/MainProcess] Timer wake-up! Next ETA 1.0 secs.
[2024-11-25 19:57:43,809: DEBUG/MainProcess] Timer wake-up! Next ETA 1.0 secs.
[2024-11-25 19:57:44,811: DEBUG/MainProcess] Timer wake-up! Next ETA 1.0 secs.
[2024-11-25 19:57:45,815: DEBUG/MainProcess] Timer wake-up! Next ETA 0.40599999998812564 secs.
[2024-11-25 19:57:46,222: DEBUG/MainProcess] Timer wake-up! Next ETA 0.5940000000118744 secs.
[2024-11-25 19:57:46,818: DEBUG/MainProcess] Timer wake-up! Next ETA 1.0 secs.
[2024-11-25 19:57:47,823: DEBUG/MainProcess] Timer wake-up! Next ETA 1.0 secs.
[2024-11-25 19:57:48,827: DEBUG/MainProcess] Timer wake-up! Next ETA 1.0 secs.
[2024-11-25 19:57:49,830: DEBUG/MainProcess] Timer wake-up! Next ETA 1.0 secs.
[2024-11-25 19:57:50,834: DEBUG/MainProcess] Timer wake-up! Next ETA 0.375 secs.
[2024-11-25 19:57:51,211: DEBUG/MainProcess] Timer wake-up! Next ETA 1.0 secs.
[2024-11-25 19:57:52,213: DEBUG/MainProcess] Timer wake-up! Next ETA 0.625 secs.
[2024-11-25 19:57:52,843: DEBUG/MainProcess] Timer wake-up! Next ETA 1.0 secs.
[2024-11-25 19:57:53,846: DEBUG/MainProcess] Timer wake-up! Next ETA 1.0 secs.
[2024-11-25 19:57:54,847: DEBUG/MainProcess] Timer wake-up! Next ETA 1.0 secs.
[2024-11-25 19:57:55,852: DEBUG/MainProcess] Timer wake-up! Next ETA 0.35899999999674037 secs.
[2024-11-25 19:57:56,212: DEBUG/MainProcess] Timer wake-up! Next ETA 0.625 secs.
[2024-11-25 19:57:56,840: DEBUG/MainProcess] Timer wake-up! Next ETA 1.0 secs.
[2024-11-25 19:57:57,844: DEBUG/MainProcess] Timer wake-up! Next ETA 1.0 secs.
[2024-11-25 19:57:58,848: DEBUG/MainProcess] Timer wake-up! Next ETA 1.0 secs.
[2024-11-25 19:57:59,850: DEBUG/MainProcess] Timer wake-up! Next ETA 1.0 secs.
[2024-11-25 19:58:00,852: DEBUG/MainProcess] Timer wake-up! Next ETA 0.35899999999674037 secs.
[2024-11-25 19:58:01,212: DEBUG/MainProcess] Timer wake-up! Next ETA 1.0 secs.
[2024-11-25 19:58:02,214: DEBUG/MainProcess] Timer wake-up! Next ETA 0.6410000000032596 secs.
[2024-11-25 19:58:02,858: DEBUG/MainProcess] Timer wake-up! Next ETA 1.0 secs.
[2024-11-25 19:58:03,861: DEBUG/MainProcess] Timer wake-up! Next ETA 1.0 secs.
[2024-11-25 19:58:04,865: DEBUG/MainProcess] Timer wake-up! Next ETA 1.0 secs.
[2024-11-25 19:58:05,866: DEBUG/MainProcess] Timer wake-up! Next ETA 0.34299999999348074 secs.
[2024-11-25 19:58:06,211: DEBUG/MainProcess] Timer wake-up! Next ETA 0.6570000000065193 secs.
[2024-11-25 19:58:06,886: DEBUG/MainProcess] Timer wake-up! Next ETA 1.0 secs.
[2024-11-25 19:58:07,908: DEBUG/MainProcess] Timer wake-up! Next ETA 0.9840000000258442 secs.
[2024-11-25 19:58:08,894: DEBUG/MainProcess] Timer wake-up! Next ETA 1.0 secs.
[2024-11-25 19:58:09,895: DEBUG/MainProcess] Timer wake-up! Next ETA 1.0 secs.
[2024-11-25 19:58:10,901: DEBUG/MainProcess] Timer wake-up! Next ETA 0.3120000000053551 secs.
[2024-11-25 19:58:11,218: DEBUG/MainProcess] Timer wake-up! Next ETA 1.0 secs.
[2024-11-25 19:58:12,220: DEBUG/MainProcess] Timer wake-up! Next ETA 0.6879999999946449 secs.
[2024-11-25 19:58:12,910: DEBUG/MainProcess] Timer wake-up! Next ETA 1.0 secs.
[2024-11-25 19:58:13,914: DEBUG/MainProcess] Timer wake-up! Next ETA 1.0 secs.
[2024-11-25 19:58:14,916: DEBUG/MainProcess] Timer wake-up! Next ETA 1.0 secs.
[2024-11-25 19:58:15,917: DEBUG/MainProcess] Timer wake-up! Next ETA 0.29699999999138527 secs.
[2024-11-25 19:58:16,217: DEBUG/MainProcess] Timer wake-up! Next ETA 0.7030000000086147 secs.
[2024-11-25 19:58:16,922: DEBUG/MainProcess] Timer wake-up! Next ETA 1.0 secs.
[2024-11-25 19:58:17,926: DEBUG/MainProcess] Timer wake-up! Next ETA 0.9839999999967404 secs.
[2024-11-25 19:58:18,914: DEBUG/MainProcess] Timer wake-up! Next ETA 1.0 secs.
[2024-11-25 19:58:19,917: DEBUG/MainProcess] Timer wake-up! Next ETA 1.0 secs.
[2024-11-25 19:58:20,919: DEBUG/MainProcess] Timer wake-up! Next ETA 0.29699999999138527 secs.
[2024-11-25 19:58:21,221: DEBUG/MainProcess] Timer wake-up! Next ETA 1.0 secs.
[2024-11-25 19:58:22,222: DEBUG/MainProcess] Timer wake-up! Next ETA 0.7030000000086147 secs.
[2024-11-25 19:58:22,928: DEBUG/MainProcess] Timer wake-up! Next ETA 1.0 secs.
[2024-11-25 19:58:23,930: DEBUG/MainProcess] Timer wake-up! Next ETA 1.0 secs.
[2024-11-25 19:58:24,936: DEBUG/MainProcess] Timer wake-up! Next ETA 1.0 secs.
[2024-11-25 19:58:25,938: DEBUG/MainProcess] Timer wake-up! Next ETA 0.28099999998812564 secs.
[2024-11-25 19:58:26,221: DEBUG/MainProcess] Timer wake-up! Next ETA 0.7190000000118744 secs.
[2024-11-25 19:58:26,942: DEBUG/MainProcess] Timer wake-up! Next ETA 1.0 secs.
[2024-11-25 19:58:27,946: DEBUG/MainProcess] Timer wake-up! Next ETA 1.0 secs.
[2024-11-25 19:58:28,948: DEBUG/MainProcess] Timer wake-up! Next ETA 1.0 secs.
[2024-11-25 19:58:29,950: DEBUG/MainProcess] Timer wake-up! Next ETA 1.0 secs.
[2024-11-25 19:58:30,953: DEBUG/MainProcess] Timer wake-up! Next ETA 0.264999999984866 secs.
[2024-11-25 19:58:31,222: DEBUG/MainProcess] Timer wake-up! Next ETA 1.0 secs.
[2024-11-25 19:58:32,224: DEBUG/MainProcess] Timer wake-up! Next ETA 0.7190000000118744 secs.
[2024-11-25 19:58:32,946: DEBUG/MainProcess] Timer wake-up! Next ETA 1.0 secs.
[2024-11-25 19:58:33,950: DEBUG/MainProcess] Timer wake-up! Next ETA 1.0 secs.
[2024-11-25 19:58:34,952: DEBUG/MainProcess] Timer wake-up! Next ETA 1.0 secs.
[2024-11-25 19:58:35,955: DEBUG/MainProcess] Timer wake-up! Next ETA 0.264999999984866 secs.
[2024-11-25 19:58:36,221: DEBUG/MainProcess] Timer wake-up! Next ETA 0.735000000015134 secs.
[2024-11-25 19:58:36,961: DEBUG/MainProcess] Timer wake-up! Next ETA 1.0 secs.
[2024-11-25 19:58:37,964: DEBUG/MainProcess] Timer wake-up! Next ETA 1.0 secs.
[2024-11-25 19:58:38,969: DEBUG/MainProcess] Timer wake-up! Next ETA 1.0 secs.
[2024-11-25 19:58:39,971: DEBUG/MainProcess] Timer wake-up! Next ETA 1.0 secs.
[2024-11-25 19:58:40,976: DEBUG/MainProcess] Timer wake-up! Next ETA 0.23399999999674037 secs.
[2024-11-25 19:58:41,212: DEBUG/MainProcess] Timer wake-up! Next ETA 1.0 secs.
[2024-11-25 19:58:42,213: DEBUG/MainProcess] Timer wake-up! Next ETA 0.7660000000032596 secs.
[2024-11-25 19:58:42,985: DEBUG/MainProcess] Timer wake-up! Next ETA 1.0 secs.
[2024-11-25 19:58:43,987: DEBUG/MainProcess] Timer wake-up! Next ETA 1.0 secs.
[2024-11-25 19:58:44,991: DEBUG/MainProcess] Timer wake-up! Next ETA 1.0 secs.
[2024-11-25 19:58:45,996: DEBUG/MainProcess] Timer wake-up! Next ETA 0.21799999999348074 secs.
[2024-11-25 19:58:46,215: DEBUG/MainProcess] Timer wake-up! Next ETA 0.7820000000065193 secs.
[2024-11-25 19:58:46,998: DEBUG/MainProcess] Timer wake-up! Next ETA 1.0 secs.
[2024-11-25 19:58:48,001: DEBUG/MainProcess] Timer wake-up! Next ETA 1.0 secs.
[2024-11-25 19:58:49,007: DEBUG/MainProcess] Timer wake-up! Next ETA 1.0 secs.
[2024-11-25 19:58:50,009: DEBUG/MainProcess] Timer wake-up! Next ETA 1.0 secs.
[2024-11-25 19:58:51,010: DEBUG/MainProcess] Timer wake-up! Next ETA 0.2029999999795109 secs.
[2024-11-25 19:58:51,219: DEBUG/MainProcess] Timer wake-up! Next ETA 1.0 secs.
[2024-11-25 19:58:52,220: DEBUG/MainProcess] Timer wake-up! Next ETA 0.7970000000204891 secs.
[2024-11-25 19:58:53,020: DEBUG/MainProcess] Timer wake-up! Next ETA 1.0 secs.
[2024-11-25 19:58:54,025: DEBUG/MainProcess] Timer wake-up! Next ETA 1.0 secs.
[2024-11-25 19:58:55,026: DEBUG/MainProcess] Timer wake-up! Next ETA 1.0 secs.
[2024-11-25 19:58:56,028: DEBUG/MainProcess] Timer wake-up! Next ETA 0.1870000000053551 secs.
[2024-11-25 19:58:56,216: DEBUG/MainProcess] Timer wake-up! Next ETA 0.8129999999946449 secs.
[2024-11-25 19:58:57,033: DEBUG/MainProcess] Timer wake-up! Next ETA 1.0 secs.
[2024-11-25 19:58:58,036: DEBUG/MainProcess] Timer wake-up! Next ETA 0.9849999999860302 secs.
[2024-11-25 19:58:59,025: DEBUG/MainProcess] Timer wake-up! Next ETA 1.0 secs.
[2024-11-25 19:59:00,026: DEBUG/MainProcess] Timer wake-up! Next ETA 1.0 secs.
[2024-11-25 19:59:01,028: DEBUG/MainProcess] Timer wake-up! Next ETA 0.1870000000053551 secs.
[2024-11-25 19:59:01,217: DEBUG/MainProcess] Timer wake-up! Next ETA 1.0 secs.
[2024-11-25 19:59:02,219: DEBUG/MainProcess] Timer wake-up! Next ETA 0.8129999999946449 secs.
[2024-11-25 19:59:03,033: DEBUG/MainProcess] Timer wake-up! Next ETA 1.0 secs.
[2024-11-25 19:59:04,035: DEBUG/MainProcess] Timer wake-up! Next ETA 0.9849999999860302 secs.
[2024-11-25 19:59:05,023: DEBUG/MainProcess] Timer wake-up! Next ETA 1.0 secs.
[2024-11-25 19:59:06,025: DEBUG/MainProcess] Timer wake-up! Next ETA 0.1870000000053551 secs.
[2024-11-25 19:59:06,214: DEBUG/MainProcess] Timer wake-up! Next ETA 0.8129999999946449 secs.
[2024-11-25 19:59:07,028: DEBUG/MainProcess] Timer wake-up! Next ETA 1.0 secs.
[2024-11-25 19:59:08,031: DEBUG/MainProcess] Timer wake-up! Next ETA 1.0 secs.
[2024-11-25 19:59:09,034: DEBUG/MainProcess] Timer wake-up! Next ETA 1.0 secs.
[2024-11-25 19:59:10,037: DEBUG/MainProcess] Timer wake-up! Next ETA 0.9849999999860302 secs.
[2024-11-25 19:59:11,025: DEBUG/MainProcess] Timer wake-up! Next ETA 0.1870000000053551 secs.
[2024-11-25 19:59:11,213: DEBUG/MainProcess] Timer wake-up! Next ETA 1.0 secs.
[2024-11-25 19:59:12,214: DEBUG/MainProcess] Timer wake-up! Next ETA 0.8129999999946449 secs.
[2024-11-25 19:59:13,031: DEBUG/MainProcess] Timer wake-up! Next ETA 1.0 secs.
[2024-11-25 19:59:14,033: DEBUG/MainProcess] Timer wake-up! Next ETA 1.0 secs.
[2024-11-25 19:59:15,037: DEBUG/MainProcess] Timer wake-up! Next ETA 1.0 secs.
[2024-11-25 19:59:16,040: DEBUG/MainProcess] Timer wake-up! Next ETA 0.17199999999138527 secs.
[2024-11-25 19:59:16,213: DEBUG/MainProcess] Timer wake-up! Next ETA 0.8280000000086147 secs.
[2024-11-25 19:59:17,046: DEBUG/MainProcess] Timer wake-up! Next ETA 1.0 secs.
[2024-11-25 19:59:18,048: DEBUG/MainProcess] Timer wake-up! Next ETA 1.0 secs.
[2024-11-25 19:59:19,050: DEBUG/MainProcess] Timer wake-up! Next ETA 1.0 secs.
[2024-11-25 19:59:20,054: DEBUG/MainProcess] Timer wake-up! Next ETA 1.0 secs.
[2024-11-25 19:59:21,314: DEBUG/MainProcess] Timer wake-up! Next ETA 1.0 secs.
[2024-11-25 19:59:22,321: DEBUG/MainProcess] Timer wake-up! Next ETA 0.9839999999967404 secs.
[2024-11-25 19:59:23,307: DEBUG/MainProcess] Timer wake-up! Next ETA 1.0 secs.
[2024-11-25 19:59:24,308: DEBUG/MainProcess] Timer wake-up! Next ETA 1.0 secs.
[2024-11-25 19:59:25,309: DEBUG/MainProcess] Timer wake-up! Next ETA 1.0 secs.
[2024-11-25 19:59:26,311: DEBUG/MainProcess] Timer wake-up! Next ETA 1.0 secs.
[2024-11-25 19:59:27,313: DEBUG/MainProcess] Timer wake-up! Next ETA 1.0 secs.
[2024-11-25 19:59:28,318: DEBUG/MainProcess] Timer wake-up! Next ETA 0.9839999999967404 secs.
[2024-11-25 19:59:29,304: DEBUG/MainProcess] Timer wake-up! Next ETA 1.0 secs.
[2024-11-25 19:59:30,308: DEBUG/MainProcess] Timer wake-up! Next ETA 1.0 secs.
[2024-11-25 19:59:31,310: DEBUG/MainProcess] Timer wake-up! Next ETA 1.0 secs.
[2024-11-25 19:59:32,312: DEBUG/MainProcess] Timer wake-up! Next ETA 1.0 secs.
[2024-11-25 19:59:33,317: DEBUG/MainProcess] Timer wake-up! Next ETA 1.0 secs.
[2024-11-25 19:59:34,318: DEBUG/MainProcess] Timer wake-up! Next ETA 1.0 secs.
[2024-11-25 19:59:35,319: DEBUG/MainProcess] Timer wake-up! Next ETA 0.9839999999967404 secs.
[2024-11-25 19:59:36,307: DEBUG/MainProcess] Timer wake-up! Next ETA 1.0 secs.
[2024-11-25 19:59:36,421: ERROR/SpawnPoolWorker-5] Pool process <billiard.pool.Worker object at 0x0000022F1244F470> error: PermissionError(13, 'Access is denied', None, 5, None)
Traceback (most recent call last):
  File "C:\Users\Mercy\movieapi\env\Lib\site-packages\billiard\connection.py", line 351, in _recv_bytes
    return self._get_more_data(ov, maxsize)
           ^^^^^^^^^^^^^^^^^^^^^^^^^^^^^^^^
  File "C:\Users\Mercy\movieapi\env\Lib\site-packages\billiard\connection.py", line 375, in _get_more_data
    rbytes, err = ov.GetOverlappedResult(True)
                  ^^^^^^^^^^^^^^^^^^^^^^^^^^^^
BrokenPipeError: [WinError 109] The pipe has been ended

During handling of the above exception, another exception occurred:

Traceback (most recent call last):
  File "C:\Users\Mercy\movieapi\env\Lib\site-packages\billiard\queues.py", line 395, in get_payload
    return self._reader.recv_bytes()
           ^^^^^^^^^^^^^^^^^^^^^^^^^
  File "C:\Users\Mercy\movieapi\env\Lib\site-packages\billiard\connection.py", line 240, in recv_bytes
    buf = self._recv_bytes(maxlength)
          ^^^^^^^^^^^^^^^^^^^^^^^^^^^
  File "C:\Users\Mercy\movieapi\env\Lib\site-packages\billiard\connection.py", line 354, in _recv_bytes
    raise EOFError
EOFError

During handling of the above exception, another exception occurred:

Traceback (most recent call last):
  File "C:\Users\Mercy\movieapi\env\Lib\site-packages\billiard\pool.py", line 473, in receive
    ready, req = _receive(1.0)
                 ^^^^^^^^^^^^^
  File "C:\Users\Mercy\movieapi\env\Lib\site-packages\billiard\pool.py", line 445, in _recv
    return True, loads(get_payload())
                       ^^^^^^^^^^^^^
  File "C:\Users\Mercy\movieapi\env\Lib\site-packages\billiard\queues.py", line 394, in get_payload
    with self._rlock:
  File "C:\Users\Mercy\movieapi\env\Lib\site-packages\billiard\synchronize.py", line 118, in __exit__
    return self._semlock.__exit__(*args)
           ^^^^^^^^^^^^^^^^^^^^^^^^^^^^^
OSError: [WinError 6] The handle is invalid

During handling of the above exception, another exception occurred:

Traceback (most recent call last):
  File "C:\Users\Mercy\movieapi\env\Lib\site-packages\billiard\pool.py", line 351, in workloop
    req = wait_for_job()
          ^^^^^^^^^^^^^^
  File "C:\Users\Mercy\movieapi\env\Lib\site-packages\billiard\pool.py", line 480, in receive
    raise SystemExit(EX_FAILURE)
SystemExit: 1

During handling of the above exception, another exception occurred:

Traceback (most recent call last):
  File "C:\Users\Mercy\movieapi\env\Lib\site-packages\billiard\pool.py", line 292, in __call__
    sys.exit(self.workloop(pid=pid))
             ^^^^^^^^^^^^^^^^^^^^^^
  File "C:\Users\Mercy\movieapi\env\Lib\site-packages\billiard\pool.py", line 396, in workloop
    self._ensure_messages_consumed(completed=completed)
  File "C:\Users\Mercy\movieapi\env\Lib\site-packages\billiard\pool.py", line 406, in _ensure_messages_consumed
    if self.on_ready_counter.value >= completed:
       ^^^^^^^^^^^^^^^^^^^^^^^^^^^
  File "<string>", line 3, in getvalue
PermissionError: [WinError 5] Access is denied
[2024-11-25 19:59:36,421: ERROR/SpawnPoolWorker-5] Pool process <billiard.pool.Worker object at 0x0000022F1244F470> error: PermissionError(13, 'Access is denied', None, 5, None)
Traceback (most recent call last):
  File "C:\Users\Mercy\movieapi\env\Lib\site-packages\billiard\connection.py", line 351, in _recv_bytes
    return self._get_more_data(ov, maxsize)
           ^^^^^^^^^^^^^^^^^^^^^^^^^^^^^^^^
  File "C:\Users\Mercy\movieapi\env\Lib\site-packages\billiard\connection.py", line 375, in _get_more_data
    rbytes, err = ov.GetOverlappedResult(True)
                  ^^^^^^^^^^^^^^^^^^^^^^^^^^^^
BrokenPipeError: [WinError 109] The pipe has been ended

During handling of the above exception, another exception occurred:

Traceback (most recent call last):
  File "C:\Users\Mercy\movieapi\env\Lib\site-packages\billiard\queues.py", line 395, in get_payload
    return self._reader.recv_bytes()
           ^^^^^^^^^^^^^^^^^^^^^^^^^
  File "C:\Users\Mercy\movieapi\env\Lib\site-packages\billiard\connection.py", line 240, in recv_bytes
    buf = self._recv_bytes(maxlength)
          ^^^^^^^^^^^^^^^^^^^^^^^^^^^
  File "C:\Users\Mercy\movieapi\env\Lib\site-packages\billiard\connection.py", line 354, in _recv_bytes
    raise EOFError
EOFError

During handling of the above exception, another exception occurred:

Traceback (most recent call last):
  File "C:\Users\Mercy\movieapi\env\Lib\site-packages\billiard\pool.py", line 473, in receive
    ready, req = _receive(1.0)
                 ^^^^^^^^^^^^^
  File "C:\Users\Mercy\movieapi\env\Lib\site-packages\billiard\pool.py", line 445, in _recv
    return True, loads(get_payload())
                       ^^^^^^^^^^^^^
  File "C:\Users\Mercy\movieapi\env\Lib\site-packages\billiard\queues.py", line 394, in get_payload
    with self._rlock:
  File "C:\Users\Mercy\movieapi\env\Lib\site-packages\billiard\synchronize.py", line 118, in __exit__
    return self._semlock.__exit__(*args)
           ^^^^^^^^^^^^^^^^^^^^^^^^^^^^^
OSError: [WinError 6] The handle is invalid

During handling of the above exception, another exception occurred:

Traceback (most recent call last):
  File "C:\Users\Mercy\movieapi\env\Lib\site-packages\billiard\pool.py", line 351, in workloop
    req = wait_for_job()
          ^^^^^^^^^^^^^^
  File "C:\Users\Mercy\movieapi\env\Lib\site-packages\billiard\pool.py", line 480, in receive
    raise SystemExit(EX_FAILURE)
SystemExit: 1

During handling of the above exception, another exception occurred:

Traceback (most recent call last):
  File "C:\Users\Mercy\movieapi\env\Lib\site-packages\billiard\pool.py", line 292, in __call__
    sys.exit(self.workloop(pid=pid))
             ^^^^^^^^^^^^^^^^^^^^^^
  File "C:\Users\Mercy\movieapi\env\Lib\site-packages\billiard\pool.py", line 396, in workloop
    self._ensure_messages_consumed(completed=completed)
  File "C:\Users\Mercy\movieapi\env\Lib\site-packages\billiard\pool.py", line 406, in _ensure_messages_consumed
    if self.on_ready_counter.value >= completed:
       ^^^^^^^^^^^^^^^^^^^^^^^^^^^
  File "<string>", line 3, in getvalue
PermissionError: [WinError 5] Access is denied
